        -:    0:Source:C:/Users/berin/Documents/facultad/exactas/1ero/ALGO 1/tpi2/auxiliares.cpp
        -:    0:Graph:C:\Users\berin\Documents\facultad\exactas\1ero\ALGO 1\tpi2\cmake-build-debug\CMakeFiles\tpi2.dir\auxiliares.gcno
        -:    0:Data:C:\Users\berin\Documents\facultad\exactas\1ero\ALGO 1\tpi2\cmake-build-debug\CMakeFiles\tpi2.dir\auxiliares.gcda
        -:    0:Runs:1
        -:    1://
        -:    2:// Este archivo contiene las definiciones de las funciones auxiliares
        -:    3:// que ustedes necesiten implementar. Tienen que coincidir con las
        -:    4:// declaraciones de auxiliares.h
        -:    5://
        -:    6:
        -:    7:#include <iostream>
        -:    8:
        -:    9:#include "definiciones.h"
        -:   10:#include "ejercicios.h"
        -:   11:#include "auxiliares.h"
        -:   12:
        -:   13:using namespace std;
        -:   14:
function _Z15adyacenteValidaRSt6vectorIS_IbSaIbEESaIS1_EESt4pairIiiERiS7_ called 891 returned 100% blocks executed 100%
      891:   15:bool adyacenteValida(tablero& t, pos p, int& f, int& c) {
        -:   16:
      891:   17:    int p0 = p.first;
      891:   18:    int p1 = p.second;
      891:   19:    int q0 = p0 + f;
      891:   20:    int q1 = p1 + c;
        -:   21:
      891:   22:    return (q0 >= 0 && q0 < t.size() && q1 >= 0 && q1 < t[0].size() && (f != 0 || c != 0));
      891:   22-block  0
branch  0 taken 855 (fallthrough)
branch  1 taken 36
      855:   22-block  1
call    2 returned 855
branch  3 taken 837 (fallthrough)
branch  4 taken 18
      837:   22-block  2
branch  5 taken 827 (fallthrough)
branch  6 taken 10
      827:   22-block  3
call    7 returned 827
call    8 returned 827
branch  9 taken 812 (fallthrough)
branch 10 taken 15
      812:   22-block  4
branch 11 taken 286 (fallthrough)
branch 12 taken 526
      286:   22-block  5
branch 13 taken 187 (fallthrough)
branch 14 taken 99
      713:   22-block  6
      178:   22-block  7
      891:   22-block  8
        -:   23:}
        -:   24:
function _Z14posicionValidaRSt6vectorIS_IbSaIbEESaIS1_EESt4pairIiiE called 114 returned 100% blocks executed 91%
      114:   25:bool posicionValida(tablero& t, pos p) {
        -:   26:
      114:   27:    int p0 = p.first;
      114:   28:    int p1 = p.second;
        -:   29:
     114*:   30:    return (p0 >= 0 && p0 < t.size() && p1 >= 0 && p1 < t[0].size());
      114:   30-block  0
branch  0 taken 114 (fallthrough)
branch  1 taken 0
      114:   30-block  1
call    2 returned 114
branch  3 taken 114 (fallthrough)
branch  4 taken 0
      114:   30-block  2
branch  5 taken 114 (fallthrough)
branch  6 taken 0
      114:   30-block  3
call    7 returned 114
call    8 returned 114
branch  9 taken 114 (fallthrough)
branch 10 taken 0
      114:   30-block  4
    %%%%%:   30-block  5
      114:   30-block  6
        -:   31:}
        -:   32:
function _Z14posicionJugadaRSt6vectorISt4pairIS0_IiiEiESaIS2_EES1_ called 527 returned 100% blocks executed 100%
      527:   33:bool posicionJugada(jugadas& j, pos p) {
        -:   34:
     3859:   35:    for (int i = 0; i < j.size(); i++){
      527:   35-block  0
     3332:   35-block  1
     3859:   35-block  2
call    0 returned 3859
branch  1 taken 3502
branch  2 taken 357 (fallthrough)
     3502:   36:        if (j[i].first == p){
     3502:   36-block  0
call    0 returned 3502
call    1 returned 3502
branch  2 taken 170 (fallthrough)
branch  3 taken 3332
      170:   37:            return true;
      170:   37-block  0
        -:   38:        }
        -:   39:    }
      357:   40:    return false;
      357:   40-block  0
        -:   41:}
        -:   42:
function _Z22posicionTieneBanderitaRSt6vectorISt4pairIiiESaIS1_EES1_ called 124 returned 100% blocks executed 100%
      124:   43:bool posicionTieneBanderita(banderitas& b, pos p) {
        -:   44:
      306:   45:    for (int i = 0; i < b.size(); i++){
      124:   45-block  0
      182:   45-block  1
      306:   45-block  2
call    0 returned 306
branch  1 taken 189
branch  2 taken 117 (fallthrough)
      189:   46:        if (b[i] == p){
      189:   46-block  0
call    0 returned 189
call    1 returned 189
branch  2 taken 7 (fallthrough)
branch  3 taken 182
        7:   47:            return true;
        7:   47-block  0
        -:   48:        }
        -:   49:    }
      117:   50:    return false;
      117:   50-block  0
        -:   51:}
        -:   52:
function _Z14esAdyacente121St4pairIiiERSt6vectorIS_IS0_iESaIS2_EERS1_IS1_IbSaIbEESaIS7_EE called 76 returned 100% blocks executed 83%
       76:   53:bool esAdyacente121(pos p, jugadas& j, tablero& t) {
        -:   54:
       76:   55:    bool res = false;
        -:   56:
       76:   57:    pos p1 = make_pair(p.first-1, p.second);
       76:   57-block  0
call    0 returned 76
branch  1 taken 76 (fallthrough)
branch  2 taken 0 (throw)
    $$$$$:   57-block  1
       76:   58:    pos p2 = make_pair(p.first+1, p.second);
       76:   58-block  0
call    0 returned 76
branch  1 taken 76 (fallthrough)
branch  2 taken 0 (throw)
    $$$$$:   58-block  1
       76:   59:    pos p3 = make_pair(p.first, p.second-1);
       76:   59-block  0
call    0 returned 76
branch  1 taken 76 (fallthrough)
branch  2 taken 0 (throw)
    $$$$$:   59-block  1
       76:   60:    pos p4 = make_pair(p.first, p.second+1);
       76:   60-block  0
call    0 returned 76
branch  1 taken 76 (fallthrough)
branch  2 taken 0 (throw)
    $$$$$:   60-block  1
        -:   61:
       76:   62:    if (es121Horizontal(p1,j, t) || es121Horizontal(p2,j, t) || es121Vertical(p3,j, t) || es121Vertical(p4,j, t)){
       76:   62-block  0
call    0 returned 76
branch  1 taken 76 (fallthrough)
branch  2 taken 0 (throw)
       76:   62-block  1
branch  3 taken 76 (fallthrough)
branch  4 taken 0
       76:   62-block  2
call    5 returned 76
branch  6 taken 76 (fallthrough)
branch  7 taken 0 (throw)
       76:   62-block  3
branch  8 taken 75 (fallthrough)
branch  9 taken 1
       75:   62-block  4
call   10 returned 75
branch 11 taken 75 (fallthrough)
branch 12 taken 0 (throw)
       75:   62-block  5
branch 13 taken 75 (fallthrough)
branch 14 taken 0
       75:   62-block  6
call   15 returned 75
branch 16 taken 75 (fallthrough)
branch 17 taken 0 (throw)
       75:   62-block  7
branch 18 taken 1 (fallthrough)
branch 19 taken 74
        2:   62-block  8
       74:   62-block  9
       76:   62-block 10
branch 20 taken 2 (fallthrough)
branch 21 taken 74
        2:   63:        res = true;
        2:   63-block  0
        -:   64:    }
       76:   65:    return res;
       76:   65-block  0
       76:   65-block  1
        -:   66:}
        -:   67:
function _Z15es121HorizontalSt4pairIiiERSt6vectorIS_IS0_iESaIS2_EERS1_IS1_IbSaIbEESaIS7_EE called 152 returned 100% blocks executed 91%
      152:   68:bool es121Horizontal(pos p, jugadas& j, tablero& t) {
        -:   69:
      152:   70:    bool res = false;
        -:   71:
      152:   72:    pos pos1 = make_pair(p.first, p.second-1);
      152:   72-block  0
call    0 returned 152
branch  1 taken 152 (fallthrough)
branch  2 taken 0 (throw)
    $$$$$:   72-block  1
      152:   73:    pos pos2 = make_pair(p.first, p.second+1);
      152:   73-block  0
call    0 returned 152
branch  1 taken 152 (fallthrough)
branch  2 taken 0 (throw)
    $$$$$:   73-block  1
        -:   74:
      152:   75:    if ((posicionJugada(j,p) && minasAdyacentes(t,p) == 2 ) && (posicionJugada(j,pos1) && minasAdyacentes(t,pos1) == 1 ) && (posicionJugada(j,pos2) && minasAdyacentes(t,pos2) == 1 )){
      152:   75-block  0
call    0 returned 152
branch  1 taken 152 (fallthrough)
branch  2 taken 0 (throw)
      152:   75-block  1
branch  3 taken 37 (fallthrough)
branch  4 taken 115
       37:   75-block  2
call    5 returned 37
branch  6 taken 37 (fallthrough)
branch  7 taken 0 (throw)
       37:   75-block  3
branch  8 taken 1 (fallthrough)
branch  9 taken 36
        1:   75-block  4
call   10 returned 1
branch 11 taken 1 (fallthrough)
branch 12 taken 0 (throw)
        1:   75-block  5
branch 13 taken 1 (fallthrough)
branch 14 taken 0
        1:   75-block  6
call   15 returned 1
branch 16 taken 1 (fallthrough)
branch 17 taken 0 (throw)
        1:   75-block  7
branch 18 taken 1 (fallthrough)
branch 19 taken 0
        1:   75-block  8
call   20 returned 1
branch 21 taken 1 (fallthrough)
branch 22 taken 0 (throw)
        1:   75-block  9
branch 23 taken 1 (fallthrough)
branch 24 taken 0
        1:   75-block 10
call   25 returned 1
branch 26 taken 1 (fallthrough)
branch 27 taken 0 (throw)
        1:   75-block 11
branch 28 taken 1 (fallthrough)
branch 29 taken 0
        1:   75-block 12
      151:   75-block 13
      152:   75-block 14
branch 30 taken 1 (fallthrough)
branch 31 taken 151
        1:   76:        res = true;
        1:   76-block  0
        -:   77:    }
        -:   78:
      152:   79:    return res;
      152:   79-block  0
      152:   79-block  1
        -:   80:}
        -:   81:
function _Z13es121VerticalSt4pairIiiERSt6vectorIS_IS0_iESaIS2_EERS1_IS1_IbSaIbEESaIS7_EE called 150 returned 100% blocks executed 91%
      150:   82:bool es121Vertical(pos p, jugadas& j, tablero& t){
        -:   83:
      150:   84:    bool res = false;
        -:   85:
      150:   86:    pos pos1 = make_pair(p.first-1, p.second);
      150:   86-block  0
call    0 returned 150
branch  1 taken 150 (fallthrough)
branch  2 taken 0 (throw)
    $$$$$:   86-block  1
      150:   87:    pos pos2 = make_pair(p.first+1, p.second);
      150:   87-block  0
call    0 returned 150
branch  1 taken 150 (fallthrough)
branch  2 taken 0 (throw)
    $$$$$:   87-block  1
        -:   88:
      150:   89:    if ((posicionJugada(j,p) && minasAdyacentes(t,p) == 2 ) && (posicionJugada(j,pos1) && minasAdyacentes(t,pos1) == 1 ) && (posicionJugada(j,pos2) && minasAdyacentes(t,pos2) == 1 )){
      150:   89-block  0
call    0 returned 150
branch  1 taken 150 (fallthrough)
branch  2 taken 0 (throw)
      150:   89-block  1
branch  3 taken 37 (fallthrough)
branch  4 taken 113
       37:   89-block  2
call    5 returned 37
branch  6 taken 37 (fallthrough)
branch  7 taken 0 (throw)
       37:   89-block  3
branch  8 taken 7 (fallthrough)
branch  9 taken 30
        7:   89-block  4
call   10 returned 7
branch 11 taken 7 (fallthrough)
branch 12 taken 0 (throw)
        7:   89-block  5
branch 13 taken 7 (fallthrough)
branch 14 taken 0
        7:   89-block  6
call   15 returned 7
branch 16 taken 7 (fallthrough)
branch 17 taken 0 (throw)
        7:   89-block  7
branch 18 taken 1 (fallthrough)
branch 19 taken 6
        1:   89-block  8
call   20 returned 1
branch 21 taken 1 (fallthrough)
branch 22 taken 0 (throw)
        1:   89-block  9
branch 23 taken 1 (fallthrough)
branch 24 taken 0
        1:   89-block 10
call   25 returned 1
branch 26 taken 1 (fallthrough)
branch 27 taken 0 (throw)
        1:   89-block 11
branch 28 taken 1 (fallthrough)
branch 29 taken 0
        1:   89-block 12
      149:   89-block 13
      150:   89-block 14
branch 30 taken 1 (fallthrough)
branch 31 taken 149
        1:   90:        res = true;
        1:   90-block  0
        -:   91:    }
        -:   92:
      150:   93:    return res;
      150:   93-block  0
      150:   93-block  1
        -:   94:}
        -:   95:
function _Z31esPosicionSinJugarYSinBanderitaRSt6vectorIS_IbSaIbEESaIS1_EERS_ISt4pairIS5_IiiEiESaIS7_EERS_IS6_SaIS6_EES6_ called 114 returned 100% blocks executed 100%
      114:   96:bool esPosicionSinJugarYSinBanderita(tablero& t, jugadas& j, banderitas& b, pos p){
        -:   97:
      114:   98:    return (posicionValida(t,p) && not posicionTieneBanderita(b,p) && not posicionJugada(j,p));
      114:   98-block  0
call    0 returned 114
branch  1 taken 114 (fallthrough)
branch  2 taken 0
      114:   98-block  1
call    3 returned 114
branch  4 taken 108 (fallthrough)
branch  5 taken 6
      108:   98-block  2
call    6 returned 108
branch  7 taken 76 (fallthrough)
branch  8 taken 32
       76:   98-block  3
       38:   98-block  4
      114:   98-block  5
        -:   99:
        -:  100:}
