        -:    0:Source:C:/Users/berin/Documents/facultad/exactas/1ero/ALGO 1/tpi2/tests/cambiarBanderitaTEST.cpp
        -:    0:Graph:C:\Users\berin\Documents\facultad\exactas\1ero\ALGO 1\tpi2\cmake-build-debug\CMakeFiles\tpi2.dir\tests\cambiarBanderitaTEST.gcno
        -:    0:Data:C:\Users\berin\Documents\facultad\exactas\1ero\ALGO 1\tpi2\cmake-build-debug\CMakeFiles\tpi2.dir\tests\cambiarBanderitaTEST.gcda
        -:    0:Runs:1
        -:    1:#include "../ejercicios.h"
        -:    2:#include "../auxiliares.h"
        -:    3:#include "gtest/gtest.h"
        -:    4:#include "definicionesTEST.h"
        -:    5:
        -:    6:using namespace std;
        -:    7:
        2:    8:TEST(cambiarBanderitasTest, posConBanderitaYNoJugada){
        -:    9:    tablero tt =
        -:   10:            {{ cMINA,  cVACIA,  cVACIA },
        -:   11:             { cMINA, cVACIA, cVACIA},
        4:   12:             { cVACIA, cVACIA, cVACIA}};
        1:   13:    jugadas j = {make_pair(make_pair(1,1),1)};
        1:   14:    pos p = make_pair(1,0);
        1:   15:    banderitas b = {make_pair(0,0), make_pair(1,0)};
        1:   16:    cambiarBanderita(tt, j, p, b);
        1:   17:    banderitas b_esperada = {make_pair(0,0)};
       1*:   18:    ASSERT_EQ(b, b_esperada);
        3:   19:}
------------------
_ZN51cambiarBanderitasTest_posConBanderitaYNoJugada_Test8TestBodyEv:
function _ZN51cambiarBanderitasTest_posConBanderitaYNoJugada_Test8TestBodyEv called 1 returned 100% blocks executed 42%
        1:    8:TEST(cambiarBanderitasTest, posConBanderitaYNoJugada){
        -:    9:    tablero tt =
        -:   10:            {{ cMINA,  cVACIA,  cVACIA },
        -:   11:             { cMINA, cVACIA, cVACIA},
        4:   12:             { cVACIA, cVACIA, cVACIA}};
call    0 returned 1
branch  1 taken 1 (fallthrough)
branch  2 taken 0 (throw)
        1:   12-block  0
call    3 returned 1
        4:   12-block  1
branch  4 taken 3 (fallthrough)
branch  5 taken 1
        3:   12-block  2
call    6 returned 3
    $$$$$:   12-block  3
call    7 never executed
    $$$$$:   12-block  4
    $$$$$:   12-block  5
    $$$$$:   12-block  6
branch  8 never executed
branch  9 never executed
    $$$$$:   12-block  7
call   10 never executed
    $$$$$:   12-block  8
        1:   13:    jugadas j = {make_pair(make_pair(1,1),1)};
call    0 returned 1
branch  1 taken 1 (fallthrough)
branch  2 taken 0 (throw)
        1:   13-block  0
call    3 returned 1
    $$$$$:   13-block  1
call    4 never executed
    $$$$$:   13-block  2
    $$$$$:   13-block  3
        1:   14:    pos p = make_pair(1,0);
        1:   15:    banderitas b = {make_pair(0,0), make_pair(1,0)};
call    0 returned 1
call    1 returned 1
branch  2 taken 1 (fallthrough)
branch  3 taken 0 (throw)
        1:   15-block  0
call    4 returned 1
    $$$$$:   15-block  1
call    5 never executed
    $$$$$:   15-block  2
    $$$$$:   15-block  3
        1:   16:    cambiarBanderita(tt, j, p, b);
call    0 returned 1
branch  1 taken 1 (fallthrough)
branch  2 taken 0 (throw)
        1:   17:    banderitas b_esperada = {make_pair(0,0)};
        1:   17-block  0
call    0 returned 1
call    1 returned 1
branch  2 taken 1 (fallthrough)
branch  3 taken 0 (throw)
        1:   17-block  1
call    4 returned 1
    $$$$$:   17-block  2
call    5 never executed
    $$$$$:   17-block  3
    $$$$$:   17-block  4
       1*:   18:    ASSERT_EQ(b, b_esperada);
call    0 returned 1
branch  1 taken 1 (fallthrough)
branch  2 taken 0 (throw)
        1:   18-block  0
call    3 returned 1
branch  4 taken 0 (fallthrough)
branch  5 taken 1
    %%%%%:   18-block  1
call    6 never executed
branch  7 never executed
branch  8 never executed
    %%%%%:   18-block  2
call    9 never executed
branch 10 never executed
branch 11 never executed
    %%%%%:   18-block  3
call   12 never executed
branch 13 never executed
branch 14 never executed
    %%%%%:   18-block  4
call   15 never executed
branch 16 never executed
branch 17 never executed
    %%%%%:   18-block  5
call   18 never executed
call   19 never executed
        1:   18-block  6
        1:   18-block  7
call   20 returned 1
branch 21 taken 1 (fallthrough)
branch 22 taken 0
    $$$$$:   18-block  8
call   23 never executed
    $$$$$:   18-block  9
    $$$$$:   18-block 10
call   24 never executed
    $$$$$:   18-block 11
    $$$$$:   18-block 12
call   25 never executed
        3:   19:}
        1:   19-block  0
call    0 returned 1
call    1 returned 1
branch  2 taken 1 (fallthrough)
branch  3 taken 0 (throw)
        1:   19-block  1
call    4 returned 1
call    5 returned 1
branch  6 taken 1 (fallthrough)
branch  7 taken 0 (throw)
        1:   19-block  2
call    8 returned 1
call    9 returned 1
branch 10 taken 1 (fallthrough)
branch 11 taken 0 (throw)
        1:   19-block  3
call   12 returned 1
        1:   19-block  4
call   13 returned 1
call   14 returned 1
call   15 returned 1
call   16 returned 1
        1:   19-block  5
        1:   19-block  6
call   17 returned 1
branch 18 taken 1 (fallthrough)
branch 19 taken 0
        1:   19-block  7
        1:   19-block  8
call   20 returned 1
branch 21 taken 1 (fallthrough)
branch 22 taken 0
        1:   19-block  9
        1:   19-block 10
call   23 returned 1
branch 24 taken 1 (fallthrough)
branch 25 taken 0
        1:   19-block 11
        1:   19-block 12
call   26 returned 1
branch 27 taken 1 (fallthrough)
branch 28 taken 0
    $$$$$:   19-block 13
call   29 never executed
    $$$$$:   19-block 14
    $$$$$:   19-block 15
    $$$$$:   19-block 16
call   30 never executed
    $$$$$:   19-block 17
    $$$$$:   19-block 18
    $$$$$:   19-block 19
call   31 never executed
    $$$$$:   19-block 20
    $$$$$:   19-block 21
    $$$$$:   19-block 22
branch 32 never executed
branch 33 never executed
    $$$$$:   19-block 23
    $$$$$:   19-block 24
branch 34 never executed
branch 35 never executed
    $$$$$:   19-block 25
call   36 never executed
    $$$$$:   19-block 26
call   37 never executed
    $$$$$:   19-block 27
call   38 never executed
    $$$$$:   19-block 28
call   39 never executed
    $$$$$:   19-block 29
call   40 never executed
------------------
_ZN51cambiarBanderitasTest_posConBanderitaYNoJugada_TestC1Ev:
function _ZN51cambiarBanderitasTest_posConBanderitaYNoJugada_TestC1Ev called 1 returned 100% blocks executed 100%
        1:    8:TEST(cambiarBanderitasTest, posConBanderitaYNoJugada){
        1:    8-block  0
call    0 returned 1
------------------
        -:   20:
        2:   21:TEST(cambiarBanderitasTest, posSinBanderitaYNoJugada){
        -:   22:    tablero tt =
        -:   23:            {{ cMINA,  cVACIA,  cVACIA },
        -:   24:             { cMINA, cVACIA, cVACIA},
        4:   25:             { cVACIA, cVACIA, cVACIA}};
        1:   26:    jugadas j = {make_pair(make_pair(1,1),1), make_pair(make_pair(1,2),1)};
        1:   27:    pos p = make_pair(1,0);
        1:   28:    banderitas b = {make_pair(0,0)};
        1:   29:    cambiarBanderita(tt, j, p, b);
        1:   30:    banderitas b_esperada = {make_pair(0,0), make_pair(1,0)};
       1*:   31:    ASSERT_EQ(b, b_esperada);
        3:   32:}
------------------
_ZN51cambiarBanderitasTest_posSinBanderitaYNoJugada_Test8TestBodyEv:
function _ZN51cambiarBanderitasTest_posSinBanderitaYNoJugada_Test8TestBodyEv called 1 returned 100% blocks executed 42%
        1:   21:TEST(cambiarBanderitasTest, posSinBanderitaYNoJugada){
        -:   22:    tablero tt =
        -:   23:            {{ cMINA,  cVACIA,  cVACIA },
        -:   24:             { cMINA, cVACIA, cVACIA},
        4:   25:             { cVACIA, cVACIA, cVACIA}};
call    0 returned 1
branch  1 taken 1 (fallthrough)
branch  2 taken 0 (throw)
        1:   25-block  0
call    3 returned 1
        4:   25-block  1
branch  4 taken 3 (fallthrough)
branch  5 taken 1
        3:   25-block  2
call    6 returned 3
    $$$$$:   25-block  3
call    7 never executed
    $$$$$:   25-block  4
    $$$$$:   25-block  5
    $$$$$:   25-block  6
branch  8 never executed
branch  9 never executed
    $$$$$:   25-block  7
call   10 never executed
    $$$$$:   25-block  8
        1:   26:    jugadas j = {make_pair(make_pair(1,1),1), make_pair(make_pair(1,2),1)};
call    0 returned 1
branch  1 taken 1 (fallthrough)
branch  2 taken 0 (throw)
        1:   26-block  0
call    3 returned 1
    $$$$$:   26-block  1
call    4 never executed
    $$$$$:   26-block  2
    $$$$$:   26-block  3
        1:   27:    pos p = make_pair(1,0);
        1:   28:    banderitas b = {make_pair(0,0)};
call    0 returned 1
call    1 returned 1
branch  2 taken 1 (fallthrough)
branch  3 taken 0 (throw)
        1:   28-block  0
call    4 returned 1
    $$$$$:   28-block  1
call    5 never executed
    $$$$$:   28-block  2
    $$$$$:   28-block  3
        1:   29:    cambiarBanderita(tt, j, p, b);
call    0 returned 1
branch  1 taken 1 (fallthrough)
branch  2 taken 0 (throw)
        1:   30:    banderitas b_esperada = {make_pair(0,0), make_pair(1,0)};
        1:   30-block  0
call    0 returned 1
call    1 returned 1
branch  2 taken 1 (fallthrough)
branch  3 taken 0 (throw)
        1:   30-block  1
call    4 returned 1
    $$$$$:   30-block  2
call    5 never executed
    $$$$$:   30-block  3
    $$$$$:   30-block  4
       1*:   31:    ASSERT_EQ(b, b_esperada);
call    0 returned 1
branch  1 taken 1 (fallthrough)
branch  2 taken 0 (throw)
        1:   31-block  0
call    3 returned 1
branch  4 taken 0 (fallthrough)
branch  5 taken 1
    %%%%%:   31-block  1
call    6 never executed
branch  7 never executed
branch  8 never executed
    %%%%%:   31-block  2
call    9 never executed
branch 10 never executed
branch 11 never executed
    %%%%%:   31-block  3
call   12 never executed
branch 13 never executed
branch 14 never executed
    %%%%%:   31-block  4
call   15 never executed
branch 16 never executed
branch 17 never executed
    %%%%%:   31-block  5
call   18 never executed
call   19 never executed
        1:   31-block  6
        1:   31-block  7
call   20 returned 1
branch 21 taken 1 (fallthrough)
branch 22 taken 0
    $$$$$:   31-block  8
call   23 never executed
    $$$$$:   31-block  9
    $$$$$:   31-block 10
call   24 never executed
    $$$$$:   31-block 11
    $$$$$:   31-block 12
call   25 never executed
        3:   32:}
        1:   32-block  0
call    0 returned 1
call    1 returned 1
branch  2 taken 1 (fallthrough)
branch  3 taken 0 (throw)
        1:   32-block  1
call    4 returned 1
call    5 returned 1
branch  6 taken 1 (fallthrough)
branch  7 taken 0 (throw)
        1:   32-block  2
call    8 returned 1
call    9 returned 1
branch 10 taken 1 (fallthrough)
branch 11 taken 0 (throw)
        1:   32-block  3
call   12 returned 1
        1:   32-block  4
call   13 returned 1
call   14 returned 1
call   15 returned 1
call   16 returned 1
        1:   32-block  5
        1:   32-block  6
call   17 returned 1
branch 18 taken 1 (fallthrough)
branch 19 taken 0
        1:   32-block  7
        1:   32-block  8
call   20 returned 1
branch 21 taken 1 (fallthrough)
branch 22 taken 0
        1:   32-block  9
        1:   32-block 10
call   23 returned 1
branch 24 taken 1 (fallthrough)
branch 25 taken 0
        1:   32-block 11
        1:   32-block 12
call   26 returned 1
branch 27 taken 1 (fallthrough)
branch 28 taken 0
    $$$$$:   32-block 13
call   29 never executed
    $$$$$:   32-block 14
    $$$$$:   32-block 15
    $$$$$:   32-block 16
call   30 never executed
    $$$$$:   32-block 17
    $$$$$:   32-block 18
    $$$$$:   32-block 19
call   31 never executed
    $$$$$:   32-block 20
    $$$$$:   32-block 21
    $$$$$:   32-block 22
branch 32 never executed
branch 33 never executed
    $$$$$:   32-block 23
    $$$$$:   32-block 24
branch 34 never executed
branch 35 never executed
    $$$$$:   32-block 25
call   36 never executed
    $$$$$:   32-block 26
call   37 never executed
    $$$$$:   32-block 27
call   38 never executed
    $$$$$:   32-block 28
call   39 never executed
    $$$$$:   32-block 29
call   40 never executed
------------------
_ZN51cambiarBanderitasTest_posSinBanderitaYNoJugada_TestC1Ev:
function _ZN51cambiarBanderitasTest_posSinBanderitaYNoJugada_TestC1Ev called 1 returned 100% blocks executed 100%
        1:   21:TEST(cambiarBanderitasTest, posSinBanderitaYNoJugada){
        1:   21-block  0
call    0 returned 1
------------------
        -:   33:
        2:   34:TEST(cambiarBanderitasTest, posSinBanderitaYPreviamenteJugada){
        -:   35:    tablero tt =
        -:   36:            {{ cMINA,  cVACIA,  cVACIA },
        -:   37:             { cMINA, cVACIA, cVACIA},
        4:   38:             { cVACIA, cVACIA, cVACIA}};
        1:   39:    jugadas j = {make_pair(make_pair(1,1),1), make_pair(make_pair(2,2),0)};
        1:   40:    pos p = make_pair(2,2);
        1:   41:    banderitas b = {make_pair(0,0)};
        1:   42:    cambiarBanderita(tt, j, p, b);
        1:   43:    banderitas b_esperada = {make_pair(0,0)};
       1*:   44:    ASSERT_EQ(b, b_esperada);
        3:   45:}
------------------
_ZN60cambiarBanderitasTest_posSinBanderitaYPreviamenteJugada_Test8TestBodyEv:
function _ZN60cambiarBanderitasTest_posSinBanderitaYPreviamenteJugada_Test8TestBodyEv called 1 returned 100% blocks executed 42%
        1:   34:TEST(cambiarBanderitasTest, posSinBanderitaYPreviamenteJugada){
        -:   35:    tablero tt =
        -:   36:            {{ cMINA,  cVACIA,  cVACIA },
        -:   37:             { cMINA, cVACIA, cVACIA},
        4:   38:             { cVACIA, cVACIA, cVACIA}};
call    0 returned 1
branch  1 taken 1 (fallthrough)
branch  2 taken 0 (throw)
        1:   38-block  0
call    3 returned 1
        4:   38-block  1
branch  4 taken 3 (fallthrough)
branch  5 taken 1
        3:   38-block  2
call    6 returned 3
    $$$$$:   38-block  3
call    7 never executed
    $$$$$:   38-block  4
    $$$$$:   38-block  5
    $$$$$:   38-block  6
branch  8 never executed
branch  9 never executed
    $$$$$:   38-block  7
call   10 never executed
    $$$$$:   38-block  8
        1:   39:    jugadas j = {make_pair(make_pair(1,1),1), make_pair(make_pair(2,2),0)};
call    0 returned 1
branch  1 taken 1 (fallthrough)
branch  2 taken 0 (throw)
        1:   39-block  0
call    3 returned 1
    $$$$$:   39-block  1
call    4 never executed
    $$$$$:   39-block  2
    $$$$$:   39-block  3
        1:   40:    pos p = make_pair(2,2);
        1:   41:    banderitas b = {make_pair(0,0)};
call    0 returned 1
call    1 returned 1
branch  2 taken 1 (fallthrough)
branch  3 taken 0 (throw)
        1:   41-block  0
call    4 returned 1
    $$$$$:   41-block  1
call    5 never executed
    $$$$$:   41-block  2
    $$$$$:   41-block  3
        1:   42:    cambiarBanderita(tt, j, p, b);
call    0 returned 1
branch  1 taken 1 (fallthrough)
branch  2 taken 0 (throw)
        1:   43:    banderitas b_esperada = {make_pair(0,0)};
        1:   43-block  0
call    0 returned 1
call    1 returned 1
branch  2 taken 1 (fallthrough)
branch  3 taken 0 (throw)
        1:   43-block  1
call    4 returned 1
    $$$$$:   43-block  2
call    5 never executed
    $$$$$:   43-block  3
    $$$$$:   43-block  4
       1*:   44:    ASSERT_EQ(b, b_esperada);
call    0 returned 1
branch  1 taken 1 (fallthrough)
branch  2 taken 0 (throw)
        1:   44-block  0
call    3 returned 1
branch  4 taken 0 (fallthrough)
branch  5 taken 1
    %%%%%:   44-block  1
call    6 never executed
branch  7 never executed
branch  8 never executed
    %%%%%:   44-block  2
call    9 never executed
branch 10 never executed
branch 11 never executed
    %%%%%:   44-block  3
call   12 never executed
branch 13 never executed
branch 14 never executed
    %%%%%:   44-block  4
call   15 never executed
branch 16 never executed
branch 17 never executed
    %%%%%:   44-block  5
call   18 never executed
call   19 never executed
        1:   44-block  6
        1:   44-block  7
call   20 returned 1
branch 21 taken 1 (fallthrough)
branch 22 taken 0
    $$$$$:   44-block  8
call   23 never executed
    $$$$$:   44-block  9
    $$$$$:   44-block 10
call   24 never executed
    $$$$$:   44-block 11
    $$$$$:   44-block 12
call   25 never executed
        3:   45:}
        1:   45-block  0
call    0 returned 1
call    1 returned 1
branch  2 taken 1 (fallthrough)
branch  3 taken 0 (throw)
        1:   45-block  1
call    4 returned 1
call    5 returned 1
branch  6 taken 1 (fallthrough)
branch  7 taken 0 (throw)
        1:   45-block  2
call    8 returned 1
call    9 returned 1
branch 10 taken 1 (fallthrough)
branch 11 taken 0 (throw)
        1:   45-block  3
call   12 returned 1
        1:   45-block  4
call   13 returned 1
call   14 returned 1
call   15 returned 1
call   16 returned 1
        1:   45-block  5
        1:   45-block  6
call   17 returned 1
branch 18 taken 1 (fallthrough)
branch 19 taken 0
        1:   45-block  7
        1:   45-block  8
call   20 returned 1
branch 21 taken 1 (fallthrough)
branch 22 taken 0
        1:   45-block  9
        1:   45-block 10
call   23 returned 1
branch 24 taken 1 (fallthrough)
branch 25 taken 0
        1:   45-block 11
        1:   45-block 12
call   26 returned 1
branch 27 taken 1 (fallthrough)
branch 28 taken 0
    $$$$$:   45-block 13
call   29 never executed
    $$$$$:   45-block 14
    $$$$$:   45-block 15
    $$$$$:   45-block 16
call   30 never executed
    $$$$$:   45-block 17
    $$$$$:   45-block 18
    $$$$$:   45-block 19
call   31 never executed
    $$$$$:   45-block 20
    $$$$$:   45-block 21
    $$$$$:   45-block 22
branch 32 never executed
branch 33 never executed
    $$$$$:   45-block 23
    $$$$$:   45-block 24
branch 34 never executed
branch 35 never executed
    $$$$$:   45-block 25
call   36 never executed
    $$$$$:   45-block 26
call   37 never executed
    $$$$$:   45-block 27
call   38 never executed
    $$$$$:   45-block 28
call   39 never executed
    $$$$$:   45-block 29
call   40 never executed
------------------
_ZN60cambiarBanderitasTest_posSinBanderitaYPreviamenteJugada_TestC1Ev:
function _ZN60cambiarBanderitasTest_posSinBanderitaYPreviamenteJugada_TestC1Ev called 1 returned 100% blocks executed 100%
        1:   34:TEST(cambiarBanderitasTest, posSinBanderitaYPreviamenteJugada){
        1:   34-block  0
call    0 returned 1
------------------
        -:   46:
        -:   47:
        -:   48:
