        -:    0:Source:C:/Users/berin/Documents/facultad/exactas/1ero/ALGO 1/tpi2/tests/ganoTEST.cpp
        -:    0:Graph:C:\Users\berin\Documents\facultad\exactas\1ero\ALGO 1\tpi2\cmake-build-debug\CMakeFiles\tpi2.dir\tests\ganoTEST.gcno
        -:    0:Data:C:\Users\berin\Documents\facultad\exactas\1ero\ALGO 1\tpi2\cmake-build-debug\CMakeFiles\tpi2.dir\tests\ganoTEST.gcda
        -:    0:Runs:1
        -:    1:// Tests para la función gano.
        -:    2:// Ver el archovo README.md para ayuda
        -:    3:
        -:    4:#include "../ejercicios.h"
        -:    5:#include "../auxiliares.h"
        -:    6:#include "gtest/gtest.h"
        -:    7:#include "definicionesTEST.h"
        -:    8:
        -:    9:using namespace std;
        -:   10:
        -:   11:// ┌───┬───┬───┬───┬───┐
        -:   12:// │ * │ * │ 2 │ 1 │ 1 │
        -:   13:// ├───┼───┼───┼───┼───┤
        -:   14:// │ 3 │ 3 │ 3 │ * │ 1 │
        -:   15:// ├───┼───┼───┼───┼───┤
        -:   16:// │ 1 │ * │ 2 │ 1 │ 1 │
        -:   17:// ├───┼───┼───┼───┼───┤
        -:   18:// │ 2 │ 3 │ 2 │ 1 │ 0 │
        -:   19:// ├───┼───┼───┼───┼───┤
        -:   20:// │ * │ 2 │ * │ 1 │ 0 │
        -:   21:// └───┴───┴───┴───┴───┘
        -:   22:
        -:   23:jugadas jugadasTodaviaNoGano = {
        -:   24:        jugada(pos(0, 2), 2),jugada(pos(0, 4), 1),
        -:   25:        jugada(pos(1, 0), 3),jugada(pos(1, 1), 3),jugada(pos(1, 2), 3),jugada(pos(1, 4), 1),
        -:   26:        jugada(pos(2, 0), 1),jugada(pos(2, 2), 2),jugada(pos(2, 4), 1),
        -:   27:        jugada(pos(4, 1), 2),jugada(pos(4, 3), 1),jugada(pos(4, 4), 0),
        -:   28:};
        -:   29:
        -:   30:jugadas jugadasGanoElJuego = {
        -:   31:        jugada(pos(0, 2), 2),jugada(pos(0, 3), 1),jugada(pos(0, 4), 1),
        -:   32:        jugada(pos(1, 0), 3),jugada(pos(1, 1), 3),jugada(pos(1, 2), 3),jugada(pos(1, 4), 1),
        -:   33:        jugada(pos(2, 0), 1),jugada(pos(2, 2), 2),jugada(pos(2, 3), 1),jugada(pos(2, 4), 1),
        -:   34:        jugada(pos(3, 0), 2),jugada(pos(3, 1), 3),jugada(pos(3, 2), 2),jugada(pos(3, 3), 1),jugada(pos(3, 4), 0),
        -:   35:        jugada(pos(4, 1), 2),jugada(pos(4, 3), 1),jugada(pos(4, 4), 0),
        -:   36:};
        -:   37:
        2:   38:TEST(ganoTEST, todaviaNoGano){
        1:   39:    jugadas j = jugadasTodaviaNoGano;
       1*:   40:    ASSERT_FALSE(gano(t, j));
        1:   41:}
------------------
_ZN27ganoTEST_todaviaNoGano_Test8TestBodyEv:
function _ZN27ganoTEST_todaviaNoGano_Test8TestBodyEv called 1 returned 100% blocks executed 38%
        1:   38:TEST(ganoTEST, todaviaNoGano){
        1:   39:    jugadas j = jugadasTodaviaNoGano;
        1:   39-block  0
call    0 returned 1
branch  1 taken 1 (fallthrough)
branch  2 taken 0 (throw)
       1*:   40:    ASSERT_FALSE(gano(t, j));
        1:   40-block  0
call    0 returned 1
branch  1 taken 1 (fallthrough)
branch  2 taken 0 (throw)
        1:   40-block  1
call    3 returned 1
branch  4 taken 1 (fallthrough)
branch  5 taken 0 (throw)
        1:   40-block  2
call    6 returned 1
branch  7 taken 0 (fallthrough)
branch  8 taken 1
    %%%%%:   40-block  3
call    9 never executed
branch 10 never executed
branch 11 never executed
    %%%%%:   40-block  4
call   12 never executed
branch 13 never executed
branch 14 never executed
    %%%%%:   40-block  5
call   15 never executed
call   16 never executed
branch 17 never executed
branch 18 never executed
    %%%%%:   40-block  6
call   19 never executed
branch 20 never executed
branch 21 never executed
    %%%%%:   40-block  7
call   22 never executed
call   23 never executed
call   24 never executed
        1:   40-block  8
        1:   40-block  9
call   25 returned 1
branch 26 taken 1 (fallthrough)
branch 27 taken 0
    $$$$$:   40-block 10
    $$$$$:   40-block 11
call   28 never executed
    $$$$$:   40-block 12
call   29 never executed
    $$$$$:   40-block 13
    $$$$$:   40-block 14
    $$$$$:   40-block 15
call   30 never executed
    $$$$$:   40-block 16
    $$$$$:   40-block 17
call   31 never executed
        1:   41:}
        1:   41-block  0
        1:   41-block  1
call    0 returned 1
branch  1 taken 1 (fallthrough)
branch  2 taken 0
    $$$$$:   41-block  2
call    3 never executed
------------------
_ZN27ganoTEST_todaviaNoGano_TestC1Ev:
function _ZN27ganoTEST_todaviaNoGano_TestC1Ev called 1 returned 100% blocks executed 100%
        1:   38:TEST(ganoTEST, todaviaNoGano){
        1:   38-block  0
call    0 returned 1
------------------
        -:   42:
        2:   43:TEST(ganoTEST, ganoElJuego){
        1:   44:    jugadas j = jugadasGanoElJuego;
       1*:   45:    ASSERT_TRUE(gano(t, j));
        1:   46:}
------------------
_ZN25ganoTEST_ganoElJuego_Test8TestBodyEv:
function _ZN25ganoTEST_ganoElJuego_Test8TestBodyEv called 1 returned 100% blocks executed 38%
        1:   43:TEST(ganoTEST, ganoElJuego){
        1:   44:    jugadas j = jugadasGanoElJuego;
        1:   44-block  0
call    0 returned 1
branch  1 taken 1 (fallthrough)
branch  2 taken 0 (throw)
       1*:   45:    ASSERT_TRUE(gano(t, j));
        1:   45-block  0
call    0 returned 1
branch  1 taken 1 (fallthrough)
branch  2 taken 0 (throw)
        1:   45-block  1
call    3 returned 1
branch  4 taken 1 (fallthrough)
branch  5 taken 0 (throw)
        1:   45-block  2
call    6 returned 1
branch  7 taken 0 (fallthrough)
branch  8 taken 1
    %%%%%:   45-block  3
call    9 never executed
branch 10 never executed
branch 11 never executed
    %%%%%:   45-block  4
call   12 never executed
branch 13 never executed
branch 14 never executed
    %%%%%:   45-block  5
call   15 never executed
call   16 never executed
branch 17 never executed
branch 18 never executed
    %%%%%:   45-block  6
call   19 never executed
branch 20 never executed
branch 21 never executed
    %%%%%:   45-block  7
call   22 never executed
call   23 never executed
call   24 never executed
        1:   45-block  8
        1:   45-block  9
call   25 returned 1
branch 26 taken 1 (fallthrough)
branch 27 taken 0
    $$$$$:   45-block 10
    $$$$$:   45-block 11
call   28 never executed
    $$$$$:   45-block 12
call   29 never executed
    $$$$$:   45-block 13
    $$$$$:   45-block 14
    $$$$$:   45-block 15
call   30 never executed
    $$$$$:   45-block 16
    $$$$$:   45-block 17
call   31 never executed
        1:   46:}
        1:   46-block  0
        1:   46-block  1
call    0 returned 1
branch  1 taken 1 (fallthrough)
branch  2 taken 0
    $$$$$:   46-block  2
call    3 never executed
------------------
_ZN25ganoTEST_ganoElJuego_TestC1Ev:
function _ZN25ganoTEST_ganoElJuego_TestC1Ev called 1 returned 100% blocks executed 100%
        1:   43:TEST(ganoTEST, ganoElJuego){
        1:   43-block  0
call    0 returned 1
------------------
        -:   47:
        2:   48:TEST(ganoTEST, listaVacia){
        1:   49:    jugadas j = {};
       1*:   50:    ASSERT_FALSE(gano(t, j));
        1:   51:}
------------------
_ZN24ganoTEST_listaVacia_Test8TestBodyEv:
function _ZN24ganoTEST_listaVacia_Test8TestBodyEv called 1 returned 100% blocks executed 38%
        1:   48:TEST(ganoTEST, listaVacia){
        1:   49:    jugadas j = {};
        1:   49-block  0
call    0 returned 1
       1*:   50:    ASSERT_FALSE(gano(t, j));
call    0 returned 1
branch  1 taken 1 (fallthrough)
branch  2 taken 0 (throw)
        1:   50-block  0
call    3 returned 1
branch  4 taken 1 (fallthrough)
branch  5 taken 0 (throw)
        1:   50-block  1
call    6 returned 1
branch  7 taken 0 (fallthrough)
branch  8 taken 1
    %%%%%:   50-block  2
call    9 never executed
branch 10 never executed
branch 11 never executed
    %%%%%:   50-block  3
call   12 never executed
branch 13 never executed
branch 14 never executed
    %%%%%:   50-block  4
call   15 never executed
call   16 never executed
branch 17 never executed
branch 18 never executed
    %%%%%:   50-block  5
call   19 never executed
branch 20 never executed
branch 21 never executed
    %%%%%:   50-block  6
call   22 never executed
call   23 never executed
call   24 never executed
        1:   50-block  7
        1:   50-block  8
call   25 returned 1
branch 26 taken 1 (fallthrough)
branch 27 taken 0
    $$$$$:   50-block  9
    $$$$$:   50-block 10
call   28 never executed
    $$$$$:   50-block 11
call   29 never executed
    $$$$$:   50-block 12
    $$$$$:   50-block 13
    $$$$$:   50-block 14
call   30 never executed
    $$$$$:   50-block 15
    $$$$$:   50-block 16
call   31 never executed
        1:   51:}
        1:   51-block  0
        1:   51-block  1
call    0 returned 1
branch  1 taken 1 (fallthrough)
branch  2 taken 0
    $$$$$:   51-block  2
call    3 never executed
------------------
_ZN24ganoTEST_listaVacia_TestC1Ev:
function _ZN24ganoTEST_listaVacia_TestC1Ev called 1 returned 100% blocks executed 100%
        1:   48:TEST(ganoTEST, listaVacia){
        1:   48-block  0
call    0 returned 1
------------------
        -:   52:
        -:   53:
