        -:    0:Source:C:/Users/berin/Documents/facultad/exactas/1ero/ALGO 1/tpi2/tests/minasAdyacentesTEST.cpp
        -:    0:Graph:C:\Users\berin\Documents\facultad\exactas\1ero\ALGO 1\tpi2\cmake-build-debug\CMakeFiles\tpi2.dir\tests\minasAdyacentesTEST.gcno
        -:    0:Data:C:\Users\berin\Documents\facultad\exactas\1ero\ALGO 1\tpi2\cmake-build-debug\CMakeFiles\tpi2.dir\tests\minasAdyacentesTEST.gcda
        -:    0:Runs:1
        -:    1:#include "../ejercicios.h"
        -:    2:#include "../auxiliares.h"
        -:    3:#include "gtest/gtest.h"
        -:    4:
        -:    5:
        -:    6:using namespace std;
        -:    7:
        2:    8:TEST(minasAdyacentesTEST, posicionCentral) {
        -:    9:    tablero tt =
        -:   10:            {{ cMINA,  cMINA,  cMINA },
        -:   11:            { cMINA, cVACIA, cMINA},
        4:   12:            { cMINA, cMINA, cMINA}};
        1:   13:    pos p = make_pair(1,1);
        2:   14:    int result = minasAdyacentes(tt,p);
       1*:   15:    ASSERT_EQ(8, result);
        3:   16:}
------------------
_ZN40minasAdyacentesTEST_posicionCentral_Test8TestBodyEv:
function _ZN40minasAdyacentesTEST_posicionCentral_Test8TestBodyEv called 1 returned 100% blocks executed 39%
        1:    8:TEST(minasAdyacentesTEST, posicionCentral) {
        -:    9:    tablero tt =
        -:   10:            {{ cMINA,  cMINA,  cMINA },
        -:   11:            { cMINA, cVACIA, cMINA},
        4:   12:            { cMINA, cMINA, cMINA}};
call    0 returned 1
branch  1 taken 1 (fallthrough)
branch  2 taken 0 (throw)
        1:   12-block  0
call    3 returned 1
        4:   12-block  1
branch  4 taken 3 (fallthrough)
branch  5 taken 1
        3:   12-block  2
call    6 returned 3
    $$$$$:   12-block  3
call    7 never executed
    $$$$$:   12-block  4
    $$$$$:   12-block  5
    $$$$$:   12-block  6
branch  8 never executed
branch  9 never executed
    $$$$$:   12-block  7
call   10 never executed
    $$$$$:   12-block  8
        1:   13:    pos p = make_pair(1,1);
        2:   14:    int result = minasAdyacentes(tt,p);
       1*:   15:    ASSERT_EQ(8, result);
        1:   15-block  0
call    0 returned 1
branch  1 taken 1 (fallthrough)
branch  2 taken 0 (throw)
        1:   15-block  1
call    3 returned 1
branch  4 taken 0 (fallthrough)
branch  5 taken 1
    %%%%%:   15-block  2
call    6 never executed
branch  7 never executed
branch  8 never executed
    %%%%%:   15-block  3
call    9 never executed
branch 10 never executed
branch 11 never executed
    %%%%%:   15-block  4
call   12 never executed
branch 13 never executed
branch 14 never executed
    %%%%%:   15-block  5
call   15 never executed
branch 16 never executed
branch 17 never executed
    %%%%%:   15-block  6
call   18 never executed
call   19 never executed
        1:   15-block  7
        1:   15-block  8
call   20 returned 1
branch 21 taken 1 (fallthrough)
branch 22 taken 0
    $$$$$:   15-block  9
    $$$$$:   15-block 10
call   23 never executed
    $$$$$:   15-block 11
    $$$$$:   15-block 12
call   24 never executed
    $$$$$:   15-block 13
    $$$$$:   15-block 14
call   25 never executed
        3:   16:}
        1:   16-block  0
call    0 returned 1
call    1 returned 1
branch  2 taken 1 (fallthrough)
branch  3 taken 0 (throw)
        1:   16-block  1
call    4 returned 1
call    5 returned 1
branch  6 taken 1 (fallthrough)
branch  7 taken 0 (throw)
        1:   16-block  2
call    8 returned 1
call    9 returned 1
branch 10 taken 1 (fallthrough)
branch 11 taken 0 (throw)
        1:   16-block  3
call   12 returned 1
        1:   16-block  4
call   13 returned 1
call   14 returned 1
call   15 returned 1
call   16 returned 1
branch 17 taken 1 (fallthrough)
branch 18 taken 0 (throw)
        1:   16-block  5
        1:   16-block  6
call   19 returned 1
branch 20 taken 1 (fallthrough)
branch 21 taken 0
    $$$$$:   16-block  7
call   22 never executed
    $$$$$:   16-block  8
    $$$$$:   16-block  9
    $$$$$:   16-block 10
call   23 never executed
    $$$$$:   16-block 11
    $$$$$:   16-block 12
    $$$$$:   16-block 13
call   24 never executed
    $$$$$:   16-block 14
    $$$$$:   16-block 15
    $$$$$:   16-block 16
branch 25 never executed
branch 26 never executed
    $$$$$:   16-block 17
    $$$$$:   16-block 18
branch 27 never executed
branch 28 never executed
    $$$$$:   16-block 19
call   29 never executed
    $$$$$:   16-block 20
call   30 never executed
------------------
_ZN40minasAdyacentesTEST_posicionCentral_TestC1Ev:
function _ZN40minasAdyacentesTEST_posicionCentral_TestC1Ev called 1 returned 100% blocks executed 100%
        1:    8:TEST(minasAdyacentesTEST, posicionCentral) {
        1:    8-block  0
call    0 returned 1
------------------
        -:   17:
        2:   18:TEST(minasAdyacentesTEST, bordeSuperiorIzquierdo) {
        -:   19:    tablero tt =
        -:   20:            {{ cVACIA,  cMINA,  cMINA },
        -:   21:             { cMINA, cMINA, cMINA},
        4:   22:             { cVACIA, cVACIA, cVACIA}};
        1:   23:    pos p = make_pair(0,0);
        2:   24:    int result = minasAdyacentes(tt,p);
       1*:   25:    ASSERT_EQ(3, result);
        3:   26:}
------------------
_ZN47minasAdyacentesTEST_bordeSuperiorIzquierdo_Test8TestBodyEv:
function _ZN47minasAdyacentesTEST_bordeSuperiorIzquierdo_Test8TestBodyEv called 1 returned 100% blocks executed 39%
        1:   18:TEST(minasAdyacentesTEST, bordeSuperiorIzquierdo) {
        -:   19:    tablero tt =
        -:   20:            {{ cVACIA,  cMINA,  cMINA },
        -:   21:             { cMINA, cMINA, cMINA},
        4:   22:             { cVACIA, cVACIA, cVACIA}};
call    0 returned 1
branch  1 taken 1 (fallthrough)
branch  2 taken 0 (throw)
        1:   22-block  0
call    3 returned 1
        4:   22-block  1
branch  4 taken 3 (fallthrough)
branch  5 taken 1
        3:   22-block  2
call    6 returned 3
    $$$$$:   22-block  3
call    7 never executed
    $$$$$:   22-block  4
    $$$$$:   22-block  5
    $$$$$:   22-block  6
branch  8 never executed
branch  9 never executed
    $$$$$:   22-block  7
call   10 never executed
    $$$$$:   22-block  8
        1:   23:    pos p = make_pair(0,0);
        2:   24:    int result = minasAdyacentes(tt,p);
       1*:   25:    ASSERT_EQ(3, result);
        1:   25-block  0
call    0 returned 1
branch  1 taken 1 (fallthrough)
branch  2 taken 0 (throw)
        1:   25-block  1
call    3 returned 1
branch  4 taken 0 (fallthrough)
branch  5 taken 1
    %%%%%:   25-block  2
call    6 never executed
branch  7 never executed
branch  8 never executed
    %%%%%:   25-block  3
call    9 never executed
branch 10 never executed
branch 11 never executed
    %%%%%:   25-block  4
call   12 never executed
branch 13 never executed
branch 14 never executed
    %%%%%:   25-block  5
call   15 never executed
branch 16 never executed
branch 17 never executed
    %%%%%:   25-block  6
call   18 never executed
call   19 never executed
        1:   25-block  7
        1:   25-block  8
call   20 returned 1
branch 21 taken 1 (fallthrough)
branch 22 taken 0
    $$$$$:   25-block  9
    $$$$$:   25-block 10
call   23 never executed
    $$$$$:   25-block 11
    $$$$$:   25-block 12
call   24 never executed
    $$$$$:   25-block 13
    $$$$$:   25-block 14
call   25 never executed
        3:   26:}
        1:   26-block  0
call    0 returned 1
call    1 returned 1
branch  2 taken 1 (fallthrough)
branch  3 taken 0 (throw)
        1:   26-block  1
call    4 returned 1
call    5 returned 1
branch  6 taken 1 (fallthrough)
branch  7 taken 0 (throw)
        1:   26-block  2
call    8 returned 1
call    9 returned 1
branch 10 taken 1 (fallthrough)
branch 11 taken 0 (throw)
        1:   26-block  3
call   12 returned 1
        1:   26-block  4
call   13 returned 1
call   14 returned 1
call   15 returned 1
call   16 returned 1
branch 17 taken 1 (fallthrough)
branch 18 taken 0 (throw)
        1:   26-block  5
        1:   26-block  6
call   19 returned 1
branch 20 taken 1 (fallthrough)
branch 21 taken 0
    $$$$$:   26-block  7
call   22 never executed
    $$$$$:   26-block  8
    $$$$$:   26-block  9
    $$$$$:   26-block 10
call   23 never executed
    $$$$$:   26-block 11
    $$$$$:   26-block 12
    $$$$$:   26-block 13
call   24 never executed
    $$$$$:   26-block 14
    $$$$$:   26-block 15
    $$$$$:   26-block 16
branch 25 never executed
branch 26 never executed
    $$$$$:   26-block 17
    $$$$$:   26-block 18
branch 27 never executed
branch 28 never executed
    $$$$$:   26-block 19
call   29 never executed
    $$$$$:   26-block 20
call   30 never executed
------------------
_ZN47minasAdyacentesTEST_bordeSuperiorIzquierdo_TestC1Ev:
function _ZN47minasAdyacentesTEST_bordeSuperiorIzquierdo_TestC1Ev called 1 returned 100% blocks executed 100%
        1:   18:TEST(minasAdyacentesTEST, bordeSuperiorIzquierdo) {
        1:   18-block  0
call    0 returned 1
------------------
        -:   27:
        2:   28:TEST(minasAdyacentesTEST, bordeInferiorDerechoConMina) {
        -:   29:    tablero tt =
        -:   30:            {{ cVACIA,  cMINA,  cMINA },
        -:   31:             { cMINA, cMINA, cMINA},
        4:   32:             { cVACIA, cVACIA, cMINA}};
        1:   33:    pos p = make_pair(2, 2);
        2:   34:    int result = minasAdyacentes(tt,p);
       1*:   35:    ASSERT_EQ(2, result);
        3:   36:}
------------------
_ZN52minasAdyacentesTEST_bordeInferiorDerechoConMina_Test8TestBodyEv:
function _ZN52minasAdyacentesTEST_bordeInferiorDerechoConMina_Test8TestBodyEv called 1 returned 100% blocks executed 39%
        1:   28:TEST(minasAdyacentesTEST, bordeInferiorDerechoConMina) {
        -:   29:    tablero tt =
        -:   30:            {{ cVACIA,  cMINA,  cMINA },
        -:   31:             { cMINA, cMINA, cMINA},
        4:   32:             { cVACIA, cVACIA, cMINA}};
call    0 returned 1
branch  1 taken 1 (fallthrough)
branch  2 taken 0 (throw)
        1:   32-block  0
call    3 returned 1
        4:   32-block  1
branch  4 taken 3 (fallthrough)
branch  5 taken 1
        3:   32-block  2
call    6 returned 3
    $$$$$:   32-block  3
call    7 never executed
    $$$$$:   32-block  4
    $$$$$:   32-block  5
    $$$$$:   32-block  6
branch  8 never executed
branch  9 never executed
    $$$$$:   32-block  7
call   10 never executed
    $$$$$:   32-block  8
        1:   33:    pos p = make_pair(2, 2);
        2:   34:    int result = minasAdyacentes(tt,p);
       1*:   35:    ASSERT_EQ(2, result);
        1:   35-block  0
call    0 returned 1
branch  1 taken 1 (fallthrough)
branch  2 taken 0 (throw)
        1:   35-block  1
call    3 returned 1
branch  4 taken 0 (fallthrough)
branch  5 taken 1
    %%%%%:   35-block  2
call    6 never executed
branch  7 never executed
branch  8 never executed
    %%%%%:   35-block  3
call    9 never executed
branch 10 never executed
branch 11 never executed
    %%%%%:   35-block  4
call   12 never executed
branch 13 never executed
branch 14 never executed
    %%%%%:   35-block  5
call   15 never executed
branch 16 never executed
branch 17 never executed
    %%%%%:   35-block  6
call   18 never executed
call   19 never executed
        1:   35-block  7
        1:   35-block  8
call   20 returned 1
branch 21 taken 1 (fallthrough)
branch 22 taken 0
    $$$$$:   35-block  9
    $$$$$:   35-block 10
call   23 never executed
    $$$$$:   35-block 11
    $$$$$:   35-block 12
call   24 never executed
    $$$$$:   35-block 13
    $$$$$:   35-block 14
call   25 never executed
        3:   36:}
        1:   36-block  0
call    0 returned 1
call    1 returned 1
branch  2 taken 1 (fallthrough)
branch  3 taken 0 (throw)
        1:   36-block  1
call    4 returned 1
call    5 returned 1
branch  6 taken 1 (fallthrough)
branch  7 taken 0 (throw)
        1:   36-block  2
call    8 returned 1
call    9 returned 1
branch 10 taken 1 (fallthrough)
branch 11 taken 0 (throw)
        1:   36-block  3
call   12 returned 1
        1:   36-block  4
call   13 returned 1
call   14 returned 1
call   15 returned 1
call   16 returned 1
branch 17 taken 1 (fallthrough)
branch 18 taken 0 (throw)
        1:   36-block  5
        1:   36-block  6
call   19 returned 1
branch 20 taken 1 (fallthrough)
branch 21 taken 0
    $$$$$:   36-block  7
call   22 never executed
    $$$$$:   36-block  8
    $$$$$:   36-block  9
    $$$$$:   36-block 10
call   23 never executed
    $$$$$:   36-block 11
    $$$$$:   36-block 12
    $$$$$:   36-block 13
call   24 never executed
    $$$$$:   36-block 14
    $$$$$:   36-block 15
    $$$$$:   36-block 16
branch 25 never executed
branch 26 never executed
    $$$$$:   36-block 17
    $$$$$:   36-block 18
branch 27 never executed
branch 28 never executed
    $$$$$:   36-block 19
call   29 never executed
    $$$$$:   36-block 20
call   30 never executed
------------------
_ZN52minasAdyacentesTEST_bordeInferiorDerechoConMina_TestC1Ev:
function _ZN52minasAdyacentesTEST_bordeInferiorDerechoConMina_TestC1Ev called 1 returned 100% blocks executed 100%
        1:   28:TEST(minasAdyacentesTEST, bordeInferiorDerechoConMina) {
        1:   28-block  0
call    0 returned 1
------------------
        -:   37:
        2:   38:TEST(minasAdyacentesTEST, sinMinas) {
        -:   39:    tablero tt =
        -:   40:            {{ cVACIA,  cVACIA,  cVACIA },
        -:   41:             { cVACIA, cVACIA, cVACIA},
        4:   42:             { cVACIA, cVACIA, cVACIA}};
        1:   43:    pos p = make_pair(1,2);
        2:   44:    int result = minasAdyacentes(tt,p);
       1*:   45:    ASSERT_EQ(0, result);
        3:   46:}
------------------
_ZN33minasAdyacentesTEST_sinMinas_Test8TestBodyEv:
function _ZN33minasAdyacentesTEST_sinMinas_Test8TestBodyEv called 1 returned 100% blocks executed 39%
        1:   38:TEST(minasAdyacentesTEST, sinMinas) {
        -:   39:    tablero tt =
        -:   40:            {{ cVACIA,  cVACIA,  cVACIA },
        -:   41:             { cVACIA, cVACIA, cVACIA},
        4:   42:             { cVACIA, cVACIA, cVACIA}};
call    0 returned 1
branch  1 taken 1 (fallthrough)
branch  2 taken 0 (throw)
        1:   42-block  0
call    3 returned 1
        4:   42-block  1
branch  4 taken 3 (fallthrough)
branch  5 taken 1
        3:   42-block  2
call    6 returned 3
    $$$$$:   42-block  3
call    7 never executed
    $$$$$:   42-block  4
    $$$$$:   42-block  5
    $$$$$:   42-block  6
branch  8 never executed
branch  9 never executed
    $$$$$:   42-block  7
call   10 never executed
    $$$$$:   42-block  8
        1:   43:    pos p = make_pair(1,2);
        2:   44:    int result = minasAdyacentes(tt,p);
       1*:   45:    ASSERT_EQ(0, result);
        1:   45-block  0
call    0 returned 1
branch  1 taken 1 (fallthrough)
branch  2 taken 0 (throw)
        1:   45-block  1
call    3 returned 1
branch  4 taken 0 (fallthrough)
branch  5 taken 1
    %%%%%:   45-block  2
call    6 never executed
branch  7 never executed
branch  8 never executed
    %%%%%:   45-block  3
call    9 never executed
branch 10 never executed
branch 11 never executed
    %%%%%:   45-block  4
call   12 never executed
branch 13 never executed
branch 14 never executed
    %%%%%:   45-block  5
call   15 never executed
branch 16 never executed
branch 17 never executed
    %%%%%:   45-block  6
call   18 never executed
call   19 never executed
        1:   45-block  7
        1:   45-block  8
call   20 returned 1
branch 21 taken 1 (fallthrough)
branch 22 taken 0
    $$$$$:   45-block  9
    $$$$$:   45-block 10
call   23 never executed
    $$$$$:   45-block 11
    $$$$$:   45-block 12
call   24 never executed
    $$$$$:   45-block 13
    $$$$$:   45-block 14
call   25 never executed
        3:   46:}
        1:   46-block  0
call    0 returned 1
call    1 returned 1
branch  2 taken 1 (fallthrough)
branch  3 taken 0 (throw)
        1:   46-block  1
call    4 returned 1
call    5 returned 1
branch  6 taken 1 (fallthrough)
branch  7 taken 0 (throw)
        1:   46-block  2
call    8 returned 1
call    9 returned 1
branch 10 taken 1 (fallthrough)
branch 11 taken 0 (throw)
        1:   46-block  3
call   12 returned 1
        1:   46-block  4
call   13 returned 1
call   14 returned 1
call   15 returned 1
call   16 returned 1
branch 17 taken 1 (fallthrough)
branch 18 taken 0 (throw)
        1:   46-block  5
        1:   46-block  6
call   19 returned 1
branch 20 taken 1 (fallthrough)
branch 21 taken 0
    $$$$$:   46-block  7
call   22 never executed
    $$$$$:   46-block  8
    $$$$$:   46-block  9
    $$$$$:   46-block 10
call   23 never executed
    $$$$$:   46-block 11
    $$$$$:   46-block 12
    $$$$$:   46-block 13
call   24 never executed
    $$$$$:   46-block 14
    $$$$$:   46-block 15
    $$$$$:   46-block 16
branch 25 never executed
branch 26 never executed
    $$$$$:   46-block 17
    $$$$$:   46-block 18
branch 27 never executed
branch 28 never executed
    $$$$$:   46-block 19
call   29 never executed
    $$$$$:   46-block 20
call   30 never executed
------------------
_ZN33minasAdyacentesTEST_sinMinas_TestC1Ev:
function _ZN33minasAdyacentesTEST_sinMinas_TestC1Ev called 1 returned 100% blocks executed 100%
        1:   38:TEST(minasAdyacentesTEST, sinMinas) {
        1:   38-block  0
call    0 returned 1
------------------
        -:   47:
        2:   48:TEST(minasAdyacentesTEST, m2x2) {
        -:   49:    tablero tt =
        -:   50:            {{ cMINA,  cVACIA},
        3:   51:             { cMINA, cVACIA}};
        1:   52:    pos p = make_pair(0,0);
        2:   53:    int result = minasAdyacentes(tt,p);
       1*:   54:    ASSERT_EQ(1, result);
        3:   55:}
------------------
_ZN29minasAdyacentesTEST_m2x2_Test8TestBodyEv:
function _ZN29minasAdyacentesTEST_m2x2_Test8TestBodyEv called 1 returned 100% blocks executed 39%
        1:   48:TEST(minasAdyacentesTEST, m2x2) {
        -:   49:    tablero tt =
        -:   50:            {{ cMINA,  cVACIA},
        3:   51:             { cMINA, cVACIA}};
call    0 returned 1
branch  1 taken 1 (fallthrough)
branch  2 taken 0 (throw)
        1:   51-block  0
call    3 returned 1
        3:   51-block  1
branch  4 taken 2 (fallthrough)
branch  5 taken 1
        2:   51-block  2
call    6 returned 2
    $$$$$:   51-block  3
call    7 never executed
    $$$$$:   51-block  4
    $$$$$:   51-block  5
    $$$$$:   51-block  6
branch  8 never executed
branch  9 never executed
    $$$$$:   51-block  7
call   10 never executed
    $$$$$:   51-block  8
        1:   52:    pos p = make_pair(0,0);
        2:   53:    int result = minasAdyacentes(tt,p);
       1*:   54:    ASSERT_EQ(1, result);
        1:   54-block  0
call    0 returned 1
branch  1 taken 1 (fallthrough)
branch  2 taken 0 (throw)
        1:   54-block  1
call    3 returned 1
branch  4 taken 0 (fallthrough)
branch  5 taken 1
    %%%%%:   54-block  2
call    6 never executed
branch  7 never executed
branch  8 never executed
    %%%%%:   54-block  3
call    9 never executed
branch 10 never executed
branch 11 never executed
    %%%%%:   54-block  4
call   12 never executed
branch 13 never executed
branch 14 never executed
    %%%%%:   54-block  5
call   15 never executed
branch 16 never executed
branch 17 never executed
    %%%%%:   54-block  6
call   18 never executed
call   19 never executed
        1:   54-block  7
        1:   54-block  8
call   20 returned 1
branch 21 taken 1 (fallthrough)
branch 22 taken 0
    $$$$$:   54-block  9
    $$$$$:   54-block 10
call   23 never executed
    $$$$$:   54-block 11
    $$$$$:   54-block 12
call   24 never executed
    $$$$$:   54-block 13
    $$$$$:   54-block 14
call   25 never executed
        3:   55:}
        1:   55-block  0
call    0 returned 1
call    1 returned 1
branch  2 taken 1 (fallthrough)
branch  3 taken 0 (throw)
        1:   55-block  1
call    4 returned 1
call    5 returned 1
branch  6 taken 1 (fallthrough)
branch  7 taken 0 (throw)
        1:   55-block  2
call    8 returned 1
        1:   55-block  3
call    9 returned 1
call   10 returned 1
call   11 returned 1
branch 12 taken 1 (fallthrough)
branch 13 taken 0 (throw)
        1:   55-block  4
        1:   55-block  5
call   14 returned 1
branch 15 taken 1 (fallthrough)
branch 16 taken 0
    $$$$$:   55-block  6
call   17 never executed
    $$$$$:   55-block  7
    $$$$$:   55-block  8
    $$$$$:   55-block  9
call   18 never executed
    $$$$$:   55-block 10
    $$$$$:   55-block 11
    $$$$$:   55-block 12
branch 19 never executed
branch 20 never executed
    $$$$$:   55-block 13
    $$$$$:   55-block 14
branch 21 never executed
branch 22 never executed
    $$$$$:   55-block 15
call   23 never executed
    $$$$$:   55-block 16
call   24 never executed
------------------
_ZN29minasAdyacentesTEST_m2x2_TestC1Ev:
function _ZN29minasAdyacentesTEST_m2x2_TestC1Ev called 1 returned 100% blocks executed 100%
        1:   48:TEST(minasAdyacentesTEST, m2x2) {
        1:   48-block  0
call    0 returned 1
------------------
        -:   56:
        2:   57:TEST(minasAdyacentesTEST, unSoloElemento) {
        -:   58:    tablero tt =
        2:   59:            {{cMINA}};
        1:   60:    pos p = make_pair(0,0);
        2:   61:    int result = minasAdyacentes(tt,p);
       1*:   62:    ASSERT_EQ(0, result);
        3:   63:}
------------------
_ZN39minasAdyacentesTEST_unSoloElemento_Test8TestBodyEv:
function _ZN39minasAdyacentesTEST_unSoloElemento_Test8TestBodyEv called 1 returned 100% blocks executed 39%
        1:   57:TEST(minasAdyacentesTEST, unSoloElemento) {
        -:   58:    tablero tt =
        2:   59:            {{cMINA}};
call    0 returned 1
branch  1 taken 1 (fallthrough)
branch  2 taken 0 (throw)
        1:   59-block  0
call    3 returned 1
        2:   59-block  1
branch  4 taken 1 (fallthrough)
branch  5 taken 1
        1:   59-block  2
call    6 returned 1
    $$$$$:   59-block  3
call    7 never executed
    $$$$$:   59-block  4
    $$$$$:   59-block  5
    $$$$$:   59-block  6
branch  8 never executed
branch  9 never executed
    $$$$$:   59-block  7
call   10 never executed
    $$$$$:   59-block  8
        1:   60:    pos p = make_pair(0,0);
        2:   61:    int result = minasAdyacentes(tt,p);
       1*:   62:    ASSERT_EQ(0, result);
        1:   62-block  0
call    0 returned 1
branch  1 taken 1 (fallthrough)
branch  2 taken 0 (throw)
        1:   62-block  1
call    3 returned 1
branch  4 taken 0 (fallthrough)
branch  5 taken 1
    %%%%%:   62-block  2
call    6 never executed
branch  7 never executed
branch  8 never executed
    %%%%%:   62-block  3
call    9 never executed
branch 10 never executed
branch 11 never executed
    %%%%%:   62-block  4
call   12 never executed
branch 13 never executed
branch 14 never executed
    %%%%%:   62-block  5
call   15 never executed
branch 16 never executed
branch 17 never executed
    %%%%%:   62-block  6
call   18 never executed
call   19 never executed
        1:   62-block  7
        1:   62-block  8
call   20 returned 1
branch 21 taken 1 (fallthrough)
branch 22 taken 0
    $$$$$:   62-block  9
    $$$$$:   62-block 10
call   23 never executed
    $$$$$:   62-block 11
    $$$$$:   62-block 12
call   24 never executed
    $$$$$:   62-block 13
    $$$$$:   62-block 14
call   25 never executed
        3:   63:}
        1:   63-block  0
call    0 returned 1
call    1 returned 1
branch  2 taken 1 (fallthrough)
branch  3 taken 0 (throw)
        1:   63-block  1
call    4 returned 1
        1:   63-block  2
call    5 returned 1
call    6 returned 1
branch  7 taken 1 (fallthrough)
branch  8 taken 0 (throw)
        1:   63-block  3
        1:   63-block  4
call    9 returned 1
branch 10 taken 1 (fallthrough)
branch 11 taken 0
    $$$$$:   63-block  5
call   12 never executed
    $$$$$:   63-block  6
    $$$$$:   63-block  7
    $$$$$:   63-block  8
branch 13 never executed
branch 14 never executed
    $$$$$:   63-block  9
    $$$$$:   63-block 10
branch 15 never executed
branch 16 never executed
    $$$$$:   63-block 11
call   17 never executed
    $$$$$:   63-block 12
call   18 never executed
------------------
_ZN39minasAdyacentesTEST_unSoloElemento_TestC1Ev:
function _ZN39minasAdyacentesTEST_unSoloElemento_TestC1Ev called 1 returned 100% blocks executed 100%
        1:   57:TEST(minasAdyacentesTEST, unSoloElemento) {
        1:   57-block  0
call    0 returned 1
------------------
