        -:    0:Source:C:/Users/berin/Documents/facultad/exactas/1ero/ALGO 1/tpi2/tests/perdioTEST.cpp
        -:    0:Graph:C:\Users\berin\Documents\facultad\exactas\1ero\ALGO 1\tpi2\cmake-build-debug\CMakeFiles\tpi2.dir\tests\perdioTEST.gcno
        -:    0:Data:C:\Users\berin\Documents\facultad\exactas\1ero\ALGO 1\tpi2\cmake-build-debug\CMakeFiles\tpi2.dir\tests\perdioTEST.gcda
        -:    0:Runs:1
        -:    1:// Tests para la función gano.
        -:    2:// Ver el archovo README.md para ayuda
        -:    3:
        -:    4:#include "../ejercicios.h"
        -:    5:#include "../auxiliares.h"
        -:    6:#include "gtest/gtest.h"
        -:    7:
        -:    8:using namespace std;
        -:    9:
        -:   10:jugadas jugadasTodaviaNoPerdio = {
        -:   11:        jugada(pos(0, 2), 2),jugada(pos(0, 3), 1),jugada(pos(0, 4), 1),
        -:   12:        jugada(pos(1, 0), 3),jugada(pos(1, 1), 3),jugada(pos(1, 2), 3),
        -:   13:};
        -:   14:
        -:   15:jugadas jugadasPerdio = {
        -:   16:        jugada(pos(0, 2), 2),
        -:   17:        jugada(pos(2,1), 0)
        -:   18:};
        -:   19:
        -:   20:tablero t3 = {
        -:   21:        { cMINA,  cMINA,  cVACIA, cVACIA, cVACIA },
        -:   22:        { cVACIA, cVACIA, cVACIA, cMINA,  cVACIA },
        -:   23:        { cVACIA, cMINA,  cVACIA, cVACIA, cVACIA },
        -:   24:        { cVACIA, cVACIA, cVACIA, cVACIA, cVACIA },
        -:   25:        { cMINA,  cVACIA, cMINA,  cVACIA, cVACIA },
        -:   26:};
        -:   27:
        -:   28:
        2:   29:TEST(perdioTEST, todaviaNoPerdio){
        1:   30:    jugadas j = jugadasTodaviaNoPerdio;
       1*:   31:    ASSERT_FALSE(perdio(t3, j));
        1:   32:}
------------------
_ZN31perdioTEST_todaviaNoPerdio_Test8TestBodyEv:
function _ZN31perdioTEST_todaviaNoPerdio_Test8TestBodyEv called 1 returned 100% blocks executed 38%
        1:   29:TEST(perdioTEST, todaviaNoPerdio){
        1:   30:    jugadas j = jugadasTodaviaNoPerdio;
        1:   30-block  0
call    0 returned 1
branch  1 taken 1 (fallthrough)
branch  2 taken 0 (throw)
       1*:   31:    ASSERT_FALSE(perdio(t3, j));
        1:   31-block  0
call    0 returned 1
branch  1 taken 1 (fallthrough)
branch  2 taken 0 (throw)
        1:   31-block  1
call    3 returned 1
branch  4 taken 1 (fallthrough)
branch  5 taken 0 (throw)
        1:   31-block  2
call    6 returned 1
branch  7 taken 0 (fallthrough)
branch  8 taken 1
    %%%%%:   31-block  3
call    9 never executed
branch 10 never executed
branch 11 never executed
    %%%%%:   31-block  4
call   12 never executed
branch 13 never executed
branch 14 never executed
    %%%%%:   31-block  5
call   15 never executed
call   16 never executed
branch 17 never executed
branch 18 never executed
    %%%%%:   31-block  6
call   19 never executed
branch 20 never executed
branch 21 never executed
    %%%%%:   31-block  7
call   22 never executed
call   23 never executed
call   24 never executed
        1:   31-block  8
        1:   31-block  9
call   25 returned 1
branch 26 taken 1 (fallthrough)
branch 27 taken 0
    $$$$$:   31-block 10
    $$$$$:   31-block 11
call   28 never executed
    $$$$$:   31-block 12
call   29 never executed
    $$$$$:   31-block 13
    $$$$$:   31-block 14
    $$$$$:   31-block 15
call   30 never executed
    $$$$$:   31-block 16
    $$$$$:   31-block 17
call   31 never executed
        1:   32:}
        1:   32-block  0
        1:   32-block  1
call    0 returned 1
branch  1 taken 1 (fallthrough)
branch  2 taken 0
    $$$$$:   32-block  2
call    3 never executed
------------------
_ZN31perdioTEST_todaviaNoPerdio_TestC1Ev:
function _ZN31perdioTEST_todaviaNoPerdio_TestC1Ev called 1 returned 100% blocks executed 100%
        1:   29:TEST(perdioTEST, todaviaNoPerdio){
        1:   29-block  0
call    0 returned 1
------------------
        -:   33:
        2:   34:TEST(perdioTEST, perdioElJuego){
        1:   35:    jugadas j = jugadasPerdio;
       1*:   36:    ASSERT_TRUE(perdio(t3, j));
        1:   37:}
------------------
_ZN29perdioTEST_perdioElJuego_Test8TestBodyEv:
function _ZN29perdioTEST_perdioElJuego_Test8TestBodyEv called 1 returned 100% blocks executed 38%
        1:   34:TEST(perdioTEST, perdioElJuego){
        1:   35:    jugadas j = jugadasPerdio;
        1:   35-block  0
call    0 returned 1
branch  1 taken 1 (fallthrough)
branch  2 taken 0 (throw)
       1*:   36:    ASSERT_TRUE(perdio(t3, j));
        1:   36-block  0
call    0 returned 1
branch  1 taken 1 (fallthrough)
branch  2 taken 0 (throw)
        1:   36-block  1
call    3 returned 1
branch  4 taken 1 (fallthrough)
branch  5 taken 0 (throw)
        1:   36-block  2
call    6 returned 1
branch  7 taken 0 (fallthrough)
branch  8 taken 1
    %%%%%:   36-block  3
call    9 never executed
branch 10 never executed
branch 11 never executed
    %%%%%:   36-block  4
call   12 never executed
branch 13 never executed
branch 14 never executed
    %%%%%:   36-block  5
call   15 never executed
call   16 never executed
branch 17 never executed
branch 18 never executed
    %%%%%:   36-block  6
call   19 never executed
branch 20 never executed
branch 21 never executed
    %%%%%:   36-block  7
call   22 never executed
call   23 never executed
call   24 never executed
        1:   36-block  8
        1:   36-block  9
call   25 returned 1
branch 26 taken 1 (fallthrough)
branch 27 taken 0
    $$$$$:   36-block 10
    $$$$$:   36-block 11
call   28 never executed
    $$$$$:   36-block 12
call   29 never executed
    $$$$$:   36-block 13
    $$$$$:   36-block 14
    $$$$$:   36-block 15
call   30 never executed
    $$$$$:   36-block 16
    $$$$$:   36-block 17
call   31 never executed
        1:   37:}
        1:   37-block  0
        1:   37-block  1
call    0 returned 1
branch  1 taken 1 (fallthrough)
branch  2 taken 0
    $$$$$:   37-block  2
call    3 never executed
------------------
_ZN29perdioTEST_perdioElJuego_TestC1Ev:
function _ZN29perdioTEST_perdioElJuego_TestC1Ev called 1 returned 100% blocks executed 100%
        1:   34:TEST(perdioTEST, perdioElJuego){
        1:   34-block  0
call    0 returned 1
------------------
        -:   38:
        2:   39:TEST(perdioTEST, listaVacia){
        1:   40:    jugadas j = {};
       1*:   41:    ASSERT_FALSE(perdio(t3, j));
        1:   42:}
------------------
_ZN26perdioTEST_listaVacia_Test8TestBodyEv:
function _ZN26perdioTEST_listaVacia_Test8TestBodyEv called 1 returned 100% blocks executed 38%
        1:   39:TEST(perdioTEST, listaVacia){
        1:   40:    jugadas j = {};
        1:   40-block  0
call    0 returned 1
       1*:   41:    ASSERT_FALSE(perdio(t3, j));
call    0 returned 1
branch  1 taken 1 (fallthrough)
branch  2 taken 0 (throw)
        1:   41-block  0
call    3 returned 1
branch  4 taken 1 (fallthrough)
branch  5 taken 0 (throw)
        1:   41-block  1
call    6 returned 1
branch  7 taken 0 (fallthrough)
branch  8 taken 1
    %%%%%:   41-block  2
call    9 never executed
branch 10 never executed
branch 11 never executed
    %%%%%:   41-block  3
call   12 never executed
branch 13 never executed
branch 14 never executed
    %%%%%:   41-block  4
call   15 never executed
call   16 never executed
branch 17 never executed
branch 18 never executed
    %%%%%:   41-block  5
call   19 never executed
branch 20 never executed
branch 21 never executed
    %%%%%:   41-block  6
call   22 never executed
call   23 never executed
call   24 never executed
        1:   41-block  7
        1:   41-block  8
call   25 returned 1
branch 26 taken 1 (fallthrough)
branch 27 taken 0
    $$$$$:   41-block  9
    $$$$$:   41-block 10
call   28 never executed
    $$$$$:   41-block 11
call   29 never executed
    $$$$$:   41-block 12
    $$$$$:   41-block 13
    $$$$$:   41-block 14
call   30 never executed
    $$$$$:   41-block 15
    $$$$$:   41-block 16
call   31 never executed
        1:   42:}
        1:   42-block  0
        1:   42-block  1
call    0 returned 1
branch  1 taken 1 (fallthrough)
branch  2 taken 0
    $$$$$:   42-block  2
call    3 never executed
------------------
_ZN26perdioTEST_listaVacia_TestC1Ev:
function _ZN26perdioTEST_listaVacia_TestC1Ev called 1 returned 100% blocks executed 100%
        1:   39:TEST(perdioTEST, listaVacia){
        1:   39-block  0
call    0 returned 1
------------------
        -:   43:
        -:   44:
