        -:    0:Source:C:/Users/berin/Documents/facultad/exactas/1ero/ALGO 1/tpi2/tests/perdioTEST.cpp
        -:    0:Graph:C:\Users\berin\Documents\facultad\exactas\1ero\ALGO 1\tpi2\cmake-build-debug\CMakeFiles\tpi2.dir\tests\perdioTEST.gcno
        -:    0:Data:C:\Users\berin\Documents\facultad\exactas\1ero\ALGO 1\tpi2\cmake-build-debug\CMakeFiles\tpi2.dir\tests\perdioTEST.gcda
        -:    0:Runs:1
        -:    1:// Tests para la función gano.
        -:    2:// Ver el archovo README.md para ayuda
        -:    3:
        -:    4:#include "../ejercicios.h"
        -:    5:#include "../auxiliares.h"
        -:    6:#include "gtest/gtest.h"
        -:    7:#include "definicionesTEST.h"
        -:    8:
        -:    9:using namespace std;
        -:   10:
        -:   11:// ┌───┬───┬───┬───┬───┐
        -:   12:// │ * │ * │ 2 │ 1 │ 1 │
        -:   13:// ├───┼───┼───┼───┼───┤
        -:   14:// │ 3 │ 3 │ 3 │ * │ 1 │
        -:   15:// ├───┼───┼───┼───┼───┤
        -:   16:// │ 1 │ * │ 2 │ 1 │ 1 │
        -:   17:// ├───┼───┼───┼───┼───┤
        -:   18:// │ 2 │ 3 │ 2 │ 1 │ 0 │
        -:   19:// ├───┼───┼───┼───┼───┤
        -:   20:// │ * │ 2 │ * │ 1 │ 0 │
        -:   21:// └───┴───┴───┴───┴───┘
        -:   22:
        -:   23:
        -:   24:jugadas jugadasTodaviaNoPerdio = {
        -:   25:        jugada(pos(0, 2), 2),jugada(pos(0, 3), 1),jugada(pos(0, 4), 1),
        -:   26:        jugada(pos(1, 0), 3),jugada(pos(1, 1), 3),jugada(pos(1, 2), 3),
        -:   27:};
        -:   28:
        -:   29:jugadas jugadasPerdio = {
        -:   30:        jugada(pos(0, 2), 2),
        -:   31:        jugada(pos(2,1), 0)
        -:   32:};
        -:   33:
        -:   34:
        2:   35:TEST(perdioTEST, todaviaNoPerdio){
        1:   36:    jugadas j = jugadasTodaviaNoPerdio;
       1*:   37:    ASSERT_FALSE(perdio(t, j));
        1:   38:}
------------------
_ZN31perdioTEST_todaviaNoPerdio_Test8TestBodyEv:
function _ZN31perdioTEST_todaviaNoPerdio_Test8TestBodyEv called 1 returned 100% blocks executed 38%
        1:   35:TEST(perdioTEST, todaviaNoPerdio){
        1:   36:    jugadas j = jugadasTodaviaNoPerdio;
        1:   36-block  0
call    0 returned 1
branch  1 taken 1 (fallthrough)
branch  2 taken 0 (throw)
       1*:   37:    ASSERT_FALSE(perdio(t, j));
        1:   37-block  0
call    0 returned 1
branch  1 taken 1 (fallthrough)
branch  2 taken 0 (throw)
        1:   37-block  1
call    3 returned 1
branch  4 taken 1 (fallthrough)
branch  5 taken 0 (throw)
        1:   37-block  2
call    6 returned 1
branch  7 taken 0 (fallthrough)
branch  8 taken 1
    %%%%%:   37-block  3
call    9 never executed
branch 10 never executed
branch 11 never executed
    %%%%%:   37-block  4
call   12 never executed
branch 13 never executed
branch 14 never executed
    %%%%%:   37-block  5
call   15 never executed
call   16 never executed
branch 17 never executed
branch 18 never executed
    %%%%%:   37-block  6
call   19 never executed
branch 20 never executed
branch 21 never executed
    %%%%%:   37-block  7
call   22 never executed
call   23 never executed
call   24 never executed
        1:   37-block  8
        1:   37-block  9
call   25 returned 1
branch 26 taken 1 (fallthrough)
branch 27 taken 0
    $$$$$:   37-block 10
    $$$$$:   37-block 11
call   28 never executed
    $$$$$:   37-block 12
call   29 never executed
    $$$$$:   37-block 13
    $$$$$:   37-block 14
    $$$$$:   37-block 15
call   30 never executed
    $$$$$:   37-block 16
    $$$$$:   37-block 17
call   31 never executed
        1:   38:}
        1:   38-block  0
        1:   38-block  1
call    0 returned 1
branch  1 taken 1 (fallthrough)
branch  2 taken 0
    $$$$$:   38-block  2
call    3 never executed
------------------
_ZN31perdioTEST_todaviaNoPerdio_TestC1Ev:
function _ZN31perdioTEST_todaviaNoPerdio_TestC1Ev called 1 returned 100% blocks executed 100%
        1:   35:TEST(perdioTEST, todaviaNoPerdio){
        1:   35-block  0
call    0 returned 1
------------------
        -:   39:
        2:   40:TEST(perdioTEST, perdioElJuego){
        1:   41:    jugadas j = jugadasPerdio;
       1*:   42:    ASSERT_TRUE(perdio(t, j));
        1:   43:}
------------------
_ZN29perdioTEST_perdioElJuego_Test8TestBodyEv:
function _ZN29perdioTEST_perdioElJuego_Test8TestBodyEv called 1 returned 100% blocks executed 38%
        1:   40:TEST(perdioTEST, perdioElJuego){
        1:   41:    jugadas j = jugadasPerdio;
        1:   41-block  0
call    0 returned 1
branch  1 taken 1 (fallthrough)
branch  2 taken 0 (throw)
       1*:   42:    ASSERT_TRUE(perdio(t, j));
        1:   42-block  0
call    0 returned 1
branch  1 taken 1 (fallthrough)
branch  2 taken 0 (throw)
        1:   42-block  1
call    3 returned 1
branch  4 taken 1 (fallthrough)
branch  5 taken 0 (throw)
        1:   42-block  2
call    6 returned 1
branch  7 taken 0 (fallthrough)
branch  8 taken 1
    %%%%%:   42-block  3
call    9 never executed
branch 10 never executed
branch 11 never executed
    %%%%%:   42-block  4
call   12 never executed
branch 13 never executed
branch 14 never executed
    %%%%%:   42-block  5
call   15 never executed
call   16 never executed
branch 17 never executed
branch 18 never executed
    %%%%%:   42-block  6
call   19 never executed
branch 20 never executed
branch 21 never executed
    %%%%%:   42-block  7
call   22 never executed
call   23 never executed
call   24 never executed
        1:   42-block  8
        1:   42-block  9
call   25 returned 1
branch 26 taken 1 (fallthrough)
branch 27 taken 0
    $$$$$:   42-block 10
    $$$$$:   42-block 11
call   28 never executed
    $$$$$:   42-block 12
call   29 never executed
    $$$$$:   42-block 13
    $$$$$:   42-block 14
    $$$$$:   42-block 15
call   30 never executed
    $$$$$:   42-block 16
    $$$$$:   42-block 17
call   31 never executed
        1:   43:}
        1:   43-block  0
        1:   43-block  1
call    0 returned 1
branch  1 taken 1 (fallthrough)
branch  2 taken 0
    $$$$$:   43-block  2
call    3 never executed
------------------
_ZN29perdioTEST_perdioElJuego_TestC1Ev:
function _ZN29perdioTEST_perdioElJuego_TestC1Ev called 1 returned 100% blocks executed 100%
        1:   40:TEST(perdioTEST, perdioElJuego){
        1:   40-block  0
call    0 returned 1
------------------
        -:   44:
        2:   45:TEST(perdioTEST, listaVacia){
        1:   46:    jugadas j = {};
       1*:   47:    ASSERT_FALSE(perdio(t, j));
        1:   48:}
------------------
_ZN26perdioTEST_listaVacia_Test8TestBodyEv:
function _ZN26perdioTEST_listaVacia_Test8TestBodyEv called 1 returned 100% blocks executed 38%
        1:   45:TEST(perdioTEST, listaVacia){
        1:   46:    jugadas j = {};
        1:   46-block  0
call    0 returned 1
       1*:   47:    ASSERT_FALSE(perdio(t, j));
call    0 returned 1
branch  1 taken 1 (fallthrough)
branch  2 taken 0 (throw)
        1:   47-block  0
call    3 returned 1
branch  4 taken 1 (fallthrough)
branch  5 taken 0 (throw)
        1:   47-block  1
call    6 returned 1
branch  7 taken 0 (fallthrough)
branch  8 taken 1
    %%%%%:   47-block  2
call    9 never executed
branch 10 never executed
branch 11 never executed
    %%%%%:   47-block  3
call   12 never executed
branch 13 never executed
branch 14 never executed
    %%%%%:   47-block  4
call   15 never executed
call   16 never executed
branch 17 never executed
branch 18 never executed
    %%%%%:   47-block  5
call   19 never executed
branch 20 never executed
branch 21 never executed
    %%%%%:   47-block  6
call   22 never executed
call   23 never executed
call   24 never executed
        1:   47-block  7
        1:   47-block  8
call   25 returned 1
branch 26 taken 1 (fallthrough)
branch 27 taken 0
    $$$$$:   47-block  9
    $$$$$:   47-block 10
call   28 never executed
    $$$$$:   47-block 11
call   29 never executed
    $$$$$:   47-block 12
    $$$$$:   47-block 13
    $$$$$:   47-block 14
call   30 never executed
    $$$$$:   47-block 15
    $$$$$:   47-block 16
call   31 never executed
        1:   48:}
        1:   48-block  0
        1:   48-block  1
call    0 returned 1
branch  1 taken 1 (fallthrough)
branch  2 taken 0
    $$$$$:   48-block  2
call    3 never executed
------------------
_ZN26perdioTEST_listaVacia_TestC1Ev:
function _ZN26perdioTEST_listaVacia_TestC1Ev called 1 returned 100% blocks executed 100%
        1:   45:TEST(perdioTEST, listaVacia){
        1:   45-block  0
call    0 returned 1
------------------
        -:   49:
        -:   50:
