        -:    0:Source:C:/Users/berin/Documents/facultad/exactas/1ero/ALGO 1/tpi2/tests/perdioTEST.cpp
        -:    0:Graph:C:\Users\berin\Documents\facultad\exactas\1ero\ALGO 1\tpi2\cmake-build-debug\CMakeFiles\tpi2.dir\tests\perdioTEST.gcno
        -:    0:Data:C:\Users\berin\Documents\facultad\exactas\1ero\ALGO 1\tpi2\cmake-build-debug\CMakeFiles\tpi2.dir\tests\perdioTEST.gcda
        -:    0:Runs:1
        -:    1:// Tests para la función gano.
        -:    2:// Ver el archovo README.md para ayuda
        -:    3:
        -:    4:#include "../ejercicios.h"
        -:    5:#include "../auxiliares.h"
        -:    6:#include "gtest/gtest.h"
        -:    7:
        -:    8:using namespace std;
        -:    9:
        -:   10:// ┌───┬───┬───┬───┬───┐
        -:   11:// │ * │ * │ 2 │ 1 │ 1 │
        -:   12:// ├───┼───┼───┼───┼───┤
        -:   13:// │ 3 │ 3 │ 3 │ * │ 1 │
        -:   14:// ├───┼───┼───┼───┼───┤
        -:   15:// │ 1 │ * │ 2 │ 1 │ 1 │
        -:   16:// ├───┼───┼───┼───┼───┤
        -:   17:// │ 2 │ 3 │ 2 │ 1 │ 0 │
        -:   18:// ├───┼───┼───┼───┼───┤
        -:   19:// │ * │ 2 │ * │ 1 │ 0 │
        -:   20:// └───┴───┴───┴───┴───┘
        -:   21:
        -:   22:
        -:   23:jugadas jugadasTodaviaNoPerdio = {
        -:   24:        jugada(pos(0, 2), 2),jugada(pos(0, 3), 1),jugada(pos(0, 4), 1),
        -:   25:        jugada(pos(1, 0), 3),jugada(pos(1, 1), 3),jugada(pos(1, 2), 3),
        -:   26:};
        -:   27:
        -:   28:jugadas jugadasPerdio = {
        -:   29:        jugada(pos(0, 2), 2),
        -:   30:        jugada(pos(2,1), 0)
        -:   31:};
        -:   32:
        -:   33:tablero t3 = {
        -:   34:        { cMINA,  cMINA,  cVACIA, cVACIA, cVACIA },
        -:   35:        { cVACIA, cVACIA, cVACIA, cMINA,  cVACIA },
        -:   36:        { cVACIA, cMINA,  cVACIA, cVACIA, cVACIA },
        -:   37:        { cVACIA, cVACIA, cVACIA, cVACIA, cVACIA },
        -:   38:        { cMINA,  cVACIA, cMINA,  cVACIA, cVACIA },
        -:   39:};
        -:   40:
        -:   41:
        2:   42:TEST(perdioTEST, todaviaNoPerdio){
        1:   43:    jugadas j = jugadasTodaviaNoPerdio;
       1*:   44:    ASSERT_FALSE(perdio(t3, j));
        1:   45:}
------------------
_ZN31perdioTEST_todaviaNoPerdio_Test8TestBodyEv:
function _ZN31perdioTEST_todaviaNoPerdio_Test8TestBodyEv called 1 returned 100% blocks executed 38%
        1:   42:TEST(perdioTEST, todaviaNoPerdio){
        1:   43:    jugadas j = jugadasTodaviaNoPerdio;
        1:   43-block  0
call    0 returned 1
branch  1 taken 1 (fallthrough)
branch  2 taken 0 (throw)
       1*:   44:    ASSERT_FALSE(perdio(t3, j));
        1:   44-block  0
call    0 returned 1
branch  1 taken 1 (fallthrough)
branch  2 taken 0 (throw)
        1:   44-block  1
call    3 returned 1
branch  4 taken 1 (fallthrough)
branch  5 taken 0 (throw)
        1:   44-block  2
call    6 returned 1
branch  7 taken 0 (fallthrough)
branch  8 taken 1
    %%%%%:   44-block  3
call    9 never executed
branch 10 never executed
branch 11 never executed
    %%%%%:   44-block  4
call   12 never executed
branch 13 never executed
branch 14 never executed
    %%%%%:   44-block  5
call   15 never executed
call   16 never executed
branch 17 never executed
branch 18 never executed
    %%%%%:   44-block  6
call   19 never executed
branch 20 never executed
branch 21 never executed
    %%%%%:   44-block  7
call   22 never executed
call   23 never executed
call   24 never executed
        1:   44-block  8
        1:   44-block  9
call   25 returned 1
branch 26 taken 1 (fallthrough)
branch 27 taken 0
    $$$$$:   44-block 10
    $$$$$:   44-block 11
call   28 never executed
    $$$$$:   44-block 12
call   29 never executed
    $$$$$:   44-block 13
    $$$$$:   44-block 14
    $$$$$:   44-block 15
call   30 never executed
    $$$$$:   44-block 16
    $$$$$:   44-block 17
call   31 never executed
        1:   45:}
        1:   45-block  0
        1:   45-block  1
call    0 returned 1
branch  1 taken 1 (fallthrough)
branch  2 taken 0
    $$$$$:   45-block  2
call    3 never executed
------------------
_ZN31perdioTEST_todaviaNoPerdio_TestC1Ev:
function _ZN31perdioTEST_todaviaNoPerdio_TestC1Ev called 1 returned 100% blocks executed 100%
        1:   42:TEST(perdioTEST, todaviaNoPerdio){
        1:   42-block  0
call    0 returned 1
------------------
        -:   46:
        2:   47:TEST(perdioTEST, perdioElJuego){
        1:   48:    jugadas j = jugadasPerdio;
       1*:   49:    ASSERT_TRUE(perdio(t3, j));
        1:   50:}
------------------
_ZN29perdioTEST_perdioElJuego_Test8TestBodyEv:
function _ZN29perdioTEST_perdioElJuego_Test8TestBodyEv called 1 returned 100% blocks executed 38%
        1:   47:TEST(perdioTEST, perdioElJuego){
        1:   48:    jugadas j = jugadasPerdio;
        1:   48-block  0
call    0 returned 1
branch  1 taken 1 (fallthrough)
branch  2 taken 0 (throw)
       1*:   49:    ASSERT_TRUE(perdio(t3, j));
        1:   49-block  0
call    0 returned 1
branch  1 taken 1 (fallthrough)
branch  2 taken 0 (throw)
        1:   49-block  1
call    3 returned 1
branch  4 taken 1 (fallthrough)
branch  5 taken 0 (throw)
        1:   49-block  2
call    6 returned 1
branch  7 taken 0 (fallthrough)
branch  8 taken 1
    %%%%%:   49-block  3
call    9 never executed
branch 10 never executed
branch 11 never executed
    %%%%%:   49-block  4
call   12 never executed
branch 13 never executed
branch 14 never executed
    %%%%%:   49-block  5
call   15 never executed
call   16 never executed
branch 17 never executed
branch 18 never executed
    %%%%%:   49-block  6
call   19 never executed
branch 20 never executed
branch 21 never executed
    %%%%%:   49-block  7
call   22 never executed
call   23 never executed
call   24 never executed
        1:   49-block  8
        1:   49-block  9
call   25 returned 1
branch 26 taken 1 (fallthrough)
branch 27 taken 0
    $$$$$:   49-block 10
    $$$$$:   49-block 11
call   28 never executed
    $$$$$:   49-block 12
call   29 never executed
    $$$$$:   49-block 13
    $$$$$:   49-block 14
    $$$$$:   49-block 15
call   30 never executed
    $$$$$:   49-block 16
    $$$$$:   49-block 17
call   31 never executed
        1:   50:}
        1:   50-block  0
        1:   50-block  1
call    0 returned 1
branch  1 taken 1 (fallthrough)
branch  2 taken 0
    $$$$$:   50-block  2
call    3 never executed
------------------
_ZN29perdioTEST_perdioElJuego_TestC1Ev:
function _ZN29perdioTEST_perdioElJuego_TestC1Ev called 1 returned 100% blocks executed 100%
        1:   47:TEST(perdioTEST, perdioElJuego){
        1:   47-block  0
call    0 returned 1
------------------
        -:   51:
        2:   52:TEST(perdioTEST, listaVacia){
        1:   53:    jugadas j = {};
       1*:   54:    ASSERT_FALSE(perdio(t3, j));
        1:   55:}
------------------
_ZN26perdioTEST_listaVacia_Test8TestBodyEv:
function _ZN26perdioTEST_listaVacia_Test8TestBodyEv called 1 returned 100% blocks executed 38%
        1:   52:TEST(perdioTEST, listaVacia){
        1:   53:    jugadas j = {};
        1:   53-block  0
call    0 returned 1
       1*:   54:    ASSERT_FALSE(perdio(t3, j));
call    0 returned 1
branch  1 taken 1 (fallthrough)
branch  2 taken 0 (throw)
        1:   54-block  0
call    3 returned 1
branch  4 taken 1 (fallthrough)
branch  5 taken 0 (throw)
        1:   54-block  1
call    6 returned 1
branch  7 taken 0 (fallthrough)
branch  8 taken 1
    %%%%%:   54-block  2
call    9 never executed
branch 10 never executed
branch 11 never executed
    %%%%%:   54-block  3
call   12 never executed
branch 13 never executed
branch 14 never executed
    %%%%%:   54-block  4
call   15 never executed
call   16 never executed
branch 17 never executed
branch 18 never executed
    %%%%%:   54-block  5
call   19 never executed
branch 20 never executed
branch 21 never executed
    %%%%%:   54-block  6
call   22 never executed
call   23 never executed
call   24 never executed
        1:   54-block  7
        1:   54-block  8
call   25 returned 1
branch 26 taken 1 (fallthrough)
branch 27 taken 0
    $$$$$:   54-block  9
    $$$$$:   54-block 10
call   28 never executed
    $$$$$:   54-block 11
call   29 never executed
    $$$$$:   54-block 12
    $$$$$:   54-block 13
    $$$$$:   54-block 14
call   30 never executed
    $$$$$:   54-block 15
    $$$$$:   54-block 16
call   31 never executed
        1:   55:}
        1:   55-block  0
        1:   55-block  1
call    0 returned 1
branch  1 taken 1 (fallthrough)
branch  2 taken 0
    $$$$$:   55-block  2
call    3 never executed
------------------
_ZN26perdioTEST_listaVacia_TestC1Ev:
function _ZN26perdioTEST_listaVacia_TestC1Ev called 1 returned 100% blocks executed 100%
        1:   52:TEST(perdioTEST, listaVacia){
        1:   52-block  0
call    0 returned 1
------------------
        -:   56:
        -:   57:
